Using pre-set license
Built from '2022.3/staging' branch; Version is '2022.3.49f1 (4dae1bb8668d) revision 5090843'; Using compiler version '192829333'; Build Type 'Release'
OS: 'Windows 11  (10.0.22631) 64bit Core' Language: 'en' Physical Memory: 7860 MB
BatchMode: 1, IsHumanControllingUs: 0, StartBugReporterOnCrash: 0, Is64bit: 1, IsPro: 1

COMMAND LINE ARGUMENTS:
C:\Program Files\Unity\Hub\Editor\2022.3.49f1\Editor\Unity.exe
-adb2
-batchMode
-noUpm
-name
AssetImportWorker0
-projectPath
C:/Users/shann/OneDrive/Documents/Game Dev class/FinalLevelProject/Level Design Projects
-logFile
Logs/AssetImportWorker0.log
-srvPort
56643
Successfully changed project path to: C:/Users/shann/OneDrive/Documents/Game Dev class/FinalLevelProject/Level Design Projects
C:/Users/shann/OneDrive/Documents/Game Dev class/FinalLevelProject/Level Design Projects
[UnityMemory] Configuration Parameters - Can be set up in boot.config
    "memorysetup-bucket-allocator-granularity=16"
    "memorysetup-bucket-allocator-bucket-count=8"
    "memorysetup-bucket-allocator-block-size=33554432"
    "memorysetup-bucket-allocator-block-count=8"
    "memorysetup-main-allocator-block-size=16777216"
    "memorysetup-thread-allocator-block-size=16777216"
    "memorysetup-gfx-main-allocator-block-size=16777216"
    "memorysetup-gfx-thread-allocator-block-size=16777216"
    "memorysetup-cache-allocator-block-size=4194304"
    "memorysetup-typetree-allocator-block-size=2097152"
    "memorysetup-profiler-bucket-allocator-granularity=16"
    "memorysetup-profiler-bucket-allocator-bucket-count=8"
    "memorysetup-profiler-bucket-allocator-block-size=33554432"
    "memorysetup-profiler-bucket-allocator-block-count=8"
    "memorysetup-profiler-allocator-block-size=16777216"
    "memorysetup-profiler-editor-allocator-block-size=1048576"
    "memorysetup-temp-allocator-size-main=16777216"
    "memorysetup-job-temp-allocator-block-size=2097152"
    "memorysetup-job-temp-allocator-block-size-background=1048576"
    "memorysetup-job-temp-allocator-reduction-small-platforms=262144"
    "memorysetup-allocator-temp-initial-block-size-main=262144"
    "memorysetup-allocator-temp-initial-block-size-worker=262144"
    "memorysetup-temp-allocator-size-background-worker=32768"
    "memorysetup-temp-allocator-size-job-worker=262144"
    "memorysetup-temp-allocator-size-preload-manager=33554432"
    "memorysetup-temp-allocator-size-nav-mesh-worker=65536"
    "memorysetup-temp-allocator-size-audio-worker=65536"
    "memorysetup-temp-allocator-size-cloud-worker=32768"
    "memorysetup-temp-allocator-size-gi-baking-worker=262144"
    "memorysetup-temp-allocator-size-gfx=262144"
Player connection [22616]  Target information:

Player connection [22616]  * "[IP] 10.6.145.249 [Port] 0 [Flags] 2 [Guid] 1698517659 [EditorId] 1698517659 [Version] 1048832 [Id] WindowsEditor(7,Azure) [Debug] 1 [PackageName] WindowsEditor [ProjectName] Editor" 

Player connection [22616] Host joined multi-casting on [225.0.0.222:54997]...
Player connection [22616] Host joined alternative multi-casting on [225.0.0.222:34997]...
[PhysX] Initialized MultithreadedTaskDispatcher with 12 workers.
Refreshing native plugins compatible for Editor in 186.54 ms, found 1 plugins.
Preloading 0 native plugins for Editor in 0.00 ms.
Initialize engine version: 2022.3.49f1 (4dae1bb8668d)
[Subsystems] Discovering subsystems at path C:/Program Files/Unity/Hub/Editor/2022.3.49f1/Editor/Data/Resources/UnitySubsystems
[Subsystems] Discovering subsystems at path C:/Users/shann/OneDrive/Documents/Game Dev class/FinalLevelProject/Level Design Projects/Assets
GfxDevice: creating device client; threaded=0; jobified=0
Direct3D:
    Version:  Direct3D 11.0 [level 11.1]
    Renderer: NVIDIA GeForce RTX 3050 Laptop GPU (ID=0x25a2)
    Vendor:   NVIDIA
    VRAM:     3964 MB
    Driver:   32.0.15.5613
Initialize mono
Mono path[0] = 'C:/Program Files/Unity/Hub/Editor/2022.3.49f1/Editor/Data/Managed'
Mono path[1] = 'C:/Program Files/Unity/Hub/Editor/2022.3.49f1/Editor/Data/MonoBleedingEdge/lib/mono/unityjit-win32'
Mono config path = 'C:/Program Files/Unity/Hub/Editor/2022.3.49f1/Editor/Data/MonoBleedingEdge/etc'
Using monoOptions --debugger-agent=transport=dt_socket,embedding=1,server=y,suspend=n,address=127.0.0.1:56556
Begin MonoManager ReloadAssembly
Registering precompiled unity dll's ...
Register platform support module: C:/Program Files/Unity/Hub/Editor/2022.3.49f1/Editor/Data/PlaybackEngines/WebGLSupport/UnityEditor.WebGL.Extensions.dll
Register platform support module: C:/Program Files/Unity/Hub/Editor/2022.3.49f1/Editor/Data/PlaybackEngines/WindowsStandaloneSupport/UnityEditor.WindowsStandalone.Extensions.dll
Registered in 0.012847 seconds.
- Loaded All Assemblies, in  0.747 seconds
Native extension for WindowsStandalone target not found
Native extension for WebGL target not found
Mono: successfully reloaded assembly
- Finished resetting the current domain, in  0.466 seconds
Domain Reload Profiling: 1211ms
	BeginReloadAssembly (252ms)
		ExecutionOrderSort (0ms)
		DisableScriptedObjects (0ms)
		BackupInstance (0ms)
		ReleaseScriptingObjects (0ms)
		CreateAndSetChildDomain (3ms)
	RebuildCommonClasses (65ms)
	RebuildNativeTypeToScriptingClass (10ms)
	initialDomainReloadingComplete (96ms)
	LoadAllAssembliesAndSetupDomain (321ms)
		LoadAssemblies (241ms)
		RebuildTransferFunctionScriptingTraits (0ms)
		AnalyzeDomain (314ms)
			TypeCache.Refresh (311ms)
				TypeCache.ScanAssembly (287ms)
			ScanForSourceGeneratedMonoScriptInfo (1ms)
			ResolveRequiredComponents (1ms)
	FinalizeReload (468ms)
		ReleaseScriptCaches (0ms)
		RebuildScriptCaches (0ms)
		SetupLoadedEditorAssemblies (404ms)
			LogAssemblyErrors (0ms)
			InitializePlatformSupportModulesInManaged (16ms)
			SetLoadedEditorAssemblies (15ms)
			RefreshPlugins (0ms)
			BeforeProcessingInitializeOnLoad (7ms)
			ProcessInitializeOnLoadAttributes (282ms)
			ProcessInitializeOnLoadMethodAttributes (82ms)
			AfterProcessingInitializeOnLoad (0ms)
			EditorAssembliesLoaded (1ms)
		ExecutionOrderSort2 (0ms)
		AwakeInstancesAfterBackupRestoration (0ms)
========================================================================
Worker process is ready to serve import requests
Caller must complete domain reload
Begin MonoManager ReloadAssembly
Assembly 'Library/ScriptAssemblies/Unity.TestTools.CodeCoverage.Editor.dll' will not be loaded due to errors:
Unable to resolve reference 'nunit.framework'. Is the assembly missing or incompatible with the current platform?
Reference validation can be disabled in the Plugin Inspector.
Assembly 'Library/ScriptAssemblies/UnityEngine.TestRunner.dll' will not be loaded due to errors:
Unable to resolve reference 'nunit.framework'. Is the assembly missing or incompatible with the current platform?
Reference validation can be disabled in the Plugin Inspector.
Assembly 'Library/ScriptAssemblies/Unity.VisualStudio.Editor.dll' will not be loaded due to errors:
Unable to resolve reference 'nunit.framework'. Is the assembly missing or incompatible with the current platform?
Reference validation can be disabled in the Plugin Inspector.
Assembly 'Library/ScriptAssemblies/UnityEditor.TestRunner.dll' will not be loaded due to errors:
Unable to resolve reference 'nunit.framework'. Is the assembly missing or incompatible with the current platform?
Reference validation can be disabled in the Plugin Inspector.
- Loaded All Assemblies, in  1.112 seconds
Native extension for WindowsStandalone target not found
Native extension for WebGL target not found
Mono: successfully reloaded assembly
- Finished resetting the current domain, in  0.410 seconds
Domain Reload Profiling: 1517ms
	BeginReloadAssembly (236ms)
		ExecutionOrderSort (0ms)
		DisableScriptedObjects (6ms)
		BackupInstance (0ms)
		ReleaseScriptingObjects (0ms)
		CreateAndSetChildDomain (29ms)
	RebuildCommonClasses (37ms)
	RebuildNativeTypeToScriptingClass (14ms)
	initialDomainReloadingComplete (59ms)
	LoadAllAssembliesAndSetupDomain (760ms)
		LoadAssemblies (765ms)
		RebuildTransferFunctionScriptingTraits (0ms)
		AnalyzeDomain (134ms)
			TypeCache.Refresh (118ms)
				TypeCache.ScanAssembly (104ms)
			ScanForSourceGeneratedMonoScriptInfo (10ms)
			ResolveRequiredComponents (4ms)
	FinalizeReload (411ms)
		ReleaseScriptCaches (0ms)
		RebuildScriptCaches (0ms)
		SetupLoadedEditorAssemblies (283ms)
			LogAssemblyErrors (0ms)
			InitializePlatformSupportModulesInManaged (11ms)
			SetLoadedEditorAssemblies (4ms)
			RefreshPlugins (0ms)
			BeforeProcessingInitializeOnLoad (63ms)
			ProcessInitializeOnLoadAttributes (167ms)
			ProcessInitializeOnLoadMethodAttributes (26ms)
			AfterProcessingInitializeOnLoad (12ms)
			EditorAssembliesLoaded (0ms)
		ExecutionOrderSort2 (0ms)
		AwakeInstancesAfterBackupRestoration (7ms)
Failed to load shader (instanceID 410, GUID 9c442dc870b456e48b615cd8add0e9ef)
Failed to load shader (instanceID 408, GUID 493b79ea9c9be44ed8b702014d3ac49c)
Launched and connected shader compiler UnityShaderCompiler.exe after 0.12 seconds
Refreshing native plugins compatible for Editor in 4.22 ms, found 1 plugins.
Preloading 0 native plugins for Editor in 0.00 ms.
Unloading 6 Unused Serialized files (Serialized files now loaded: 0)
Unloading 3 unused Assets / (40.4 KB). Loaded Objects now: 477.
Memory consumption went from 60.6 MB to 60.5 MB.
Total: 4.823600 ms (FindLiveObjects: 0.450300 ms CreateObjectMapping: 0.012800 ms MarkObjects: 4.279900 ms  DeleteObjects: 0.078000 ms)

AssetImportParameters requested are different than current active one (requested -> active):
  custom:scripting/monoscript/fileName/UdpSocket.cs: 7555d065f81d23e6604acb91cf79ddd6 -> 
  custom:scripting/monoscript/fileName/IPrebuildSceneSetup.cs: c89711320cb5af11897ec50fd61d4419 -> 
  custom:scripting/monoscript/fileName/IncomingChangesTab.cs: acd9ec783d05ec6acce245777b596983 -> 
  custom:scripting/monoscript/fileName/CoverageAnalytics.cs: 9fa885d01b533ad289b2294fe18c20c3 -> 
  custom:scripting/monoscript/fileName/EditorAssembliesProxy.cs: ef0f2d44f3e723650bf58ba30866667b -> 
  custom:scripting/monoscript/fileName/OuterUnityTestActionCommand.cs: 36c13d7d2a2c5c2f372e7b1c0cc06d4d -> 
  custom:scripting/monoscript/fileName/TestJobDataHolder.cs: 2c9edeeac80ff44e86cac8087411d260 -> 
  custom:scripting/monoscript/fileName/DiffSelection.cs: 34faf7c86f7e0c9a01162e930679d82f -> 
  custom:scripting/monoscript/fileName/EditModeRunnerCallback.cs: 8a8dedaa2bec26f26744df4ec8e2f191 -> 
  custom:scripting/monoscript/fileName/EnterPlayMode.cs: c730bf9ff77514bb260ba9933378e49c -> 
  custom:scripting/monoscript/fileName/Filter.cs: 935824dbebf762a19f2d4c4751625fe2 -> 
  custom:scripting/monoscript/fileName/UnityTearDownAttribute.cs: d90d4ba0821a80f48bd6cec8eab8964f -> 
  custom:scripting/monoscript/fileName/CloudProjectId.cs: 134a19fec53046d9b05fd3121c04e101 -> 
  custom:scripting/monoscript/fileName/DateFilter.cs: 4084040ac52b6e24ba874651890c5c6e -> 
  custom:scripting/monoscript/fileName/RemotePlayerTestController.cs: a065d8dd9dff07ee3c40c0e473a65f06 -> 
  custom:scripting/monoscript/fileName/Image.cs: f32195bbbc1ca9edcb6c8c6185597e40 -> dab426e5f5622a0f37965b80d0c94886
  custom:scripting/monoscript/fileName/TestsCallback.cs: 420027d2a6ccaf7376f849b0f965edcd -> 
  custom:scripting/monoscript/fileName/Cli.cs: d287e08b50f2cb135aa4d7f8e01b7ef9 -> 
  custom:scripting/monoscript/fileName/ProjectPart.cs: e09789f5d21ec839c23f3a2c8c340a5a -> 
  custom:scripting/monoscript/fileName/ReportGeneratorStyles.cs: 3e8cc04206c4373d58e375a96f0bb50c -> 
  custom:scripting/monoscript/fileName/SolutionGuidGenerator.cs: 39a21c4f5e351b9b4a2916e800641a4a -> 
  custom:scripting/monoscript/fileName/ConditionalIgnoreAttribute.cs: 9f2f3d4c6b56d5f470ccdd0e1820d51b -> 
  custom:scripting/monoscript/fileName/TestMustExpectAllLogsAttribute.cs: cdf1c75549affd080e0ddbde5bcb7c34 -> 
  custom:scripting/monoscript/fileName/TestBuildAssemblyFilter.cs: 056870da734fd8ecf77d00737a22149f -> 
  custom:scripting/monoscript/fileName/ITestRunnerListener.cs: d52675266925b8e603f210be3981d59b -> 
  custom:scripting/monoscript/fileName/PerformInitialCheckin.cs: be22d181e456c0a8a5713675f29ac72a -> 
  custom:scripting/monoscript/fileName/ConflictResolutionState.cs: efbca4720366cd9fa7e8eb672fe8a6ef -> 
  custom:scripting/monoscript/fileName/ResultsLogger.cs: c7220583b7024075209cc8fdc591bbb6 -> 
  custom:scripting/monoscript/fileName/IEditorCompilationInterfaceProxy.cs: b1e49de3ac2ed1feea91c5f6846d6e49 -> 
  custom:scripting/monoscript/fileName/KnownAssemblies.cs: 286bea9f8fcee5e392f6fc0f0cd541c8 -> 
  custom:scripting/monoscript/fileName/EnumerableRepeatedTestCommand.cs: dbdc4517e80e66a31f48ce40e06931f2 -> 
  custom:scripting/monoscript/fileName/SimpleJSON.cs: 70c028a07c79c166db015acda1282d86 -> 
  custom:scripting/monoscript/fileName/FindWorkspace.cs: 39bbd18bfe6bf4a99f5c185dcda4dd4a -> 
  custom:scripting/monoscript/fileName/CommandLineOption.cs: fe5c47482048ab8fd4cc7763e33b8718 -> 
  custom:scripting/monoscript/fileName/IPostBuildCleanup.cs: 8d43f6dbc44addb43106f91d15047771 -> 
  custom:scripting/monoscript/fileName/JsonFileFilterSchema.cs: 5a8b460b75ae6a98d675b1ae31486300 -> 
  custom:scripting/monoscript/fileName/IncomingChangesNotifier.cs: 0bfcdd9eeb0b298616154e2db5e6905b -> 
  custom:container-demuxer-ogg: 62fdf1f143b41e24485cea50d1cbac27 -> 
  custom:scripting/precompiled-assembly-types:Unity.PlasticSCM.Editor: 61b19ddb92073bec3b858fc919e16e73 -> 
  custom:scripting/monoscript/fileName/TestListTreeViewDataSource.cs: 153f0d5d9a6099f80f6d26e9c0ad6b7d -> 
  custom:scripting/monoscript/fileName/CheckinConflictsDialog.cs: d3af1d70d3f60a9847d2942647274222 -> 
  custom:scripting/monoscript/fileName/CommandLineOptionSet.cs: 13e48170f3a8b32dd0cc86d3beef6c12 -> 
  custom:scripting/monoscript/fileName/ITestRunCallback.cs: 7d90e4d27cccfe89ef24a93578e15a74 -> 
  custom:scripting/monoscript/fileName/AuthToken.cs: d22b2893825e943bc1389be142abd57e -> 
  custom:scripting/monoscript/fileName/ProgressControlsForDialogs.cs: 6bf8e69ac7dc2163fe988e5d8181ce88 -> 
  custom:scripting/monoscript/fileName/AssetStatusCache.cs: beede06d8a6d93e7907fd192ad653f2b -> 
  custom:scripting/monoscript/fileName/IEditorAssembliesProxy.cs: 8586f95fda82b1fa948b8ac0ebb50a9d -> 
  custom:scripting/monoscript/fileName/DrawIncomingChangesOverview.cs: a4a79f67ed34953a547d380624f5cdec -> 
  custom:scripting/monoscript/fileName/AndroidPlatformSetup.cs: 67d5fa212608c900d88b1544a5f49997 -> 
  custom:scripting/monoscript/fileName/BuildFormattedHelp.cs: 1e4bfa4fb02634d520d5dd2560076ccb -> 
  custom:scripting/monoscript/fileName/OrganizationPanel.cs: d7ac1288bef1b15a05bb26d201a4d87f -> 
  custom:scripting/monoscript/fileName/SolutionProjectEntry.cs: 68cea09e9af09443edf61e18806ac1c2 -> 
  custom:scripting/monoscript/fileName/MigrationProgressRender.cs: 678774a69b52967fc00ca6d9f2c9a31c -> 
  custom:scripting/monoscript/fileName/ChangeCategoryTreeViewItem.cs: 400051372879b2e6583b96a85f5e6b1c -> 
  custom:scripting/monoscript/fileName/CurrentUserAdminCheckResponse.cs: cec2f173fe8732108711c497674c6f66 -> 
  custom:scripting/monoscript/fileName/RenderingOptions.cs: a84cebfad0b53e3dbf0202be3cc1d6d3 -> 
  custom:scripting/monoscript/fileName/WorkItemFactory.cs: d8b2e380888ccc980a475a01f04d7a45 -> 
  custom:scripting/monoscript/fileName/UIElementsExtensions.cs: a191d7293be4538b0adb29dfe5b06a46 -> 
  custom:scripting/monoscript/fileName/PlayerLauncherContextSettings.cs: 3c0a34dce28ade8f88b3e213fadb0738 -> 
  custom:scripting/monoscript/fileName/CreateBranchDialog.cs: c429477092287209232592c8cde1a615 -> 
  custom:scripting/monoscript/fileName/RunSettings.cs: 6770f3fdaf287e73ff6c63f28a5a7e92 -> 
  custom:scripting/monoscript/fileName/ICoverageStatsProvider.cs: a5bbcc9f54ddc4ddc58ec602a9a7982b -> 
  custom:scripting/monoscript/fileName/UnhandledLogMessageException.cs: fa6ee6fe2a221a71f213304ae56898c7 -> 
  custom:scripting/monoscript/fileName/EnumerableApplyChangesToContextCommand.cs: c2aa6cedc66892dd581c50a4d9b6a147 -> 
  custom:scripting/monoscript/fileName/RecompileScripts.cs: 73e345449efb1420f34aad9debcdf2bd -> 
  custom:scripting/monoscript/fileName/DelayedCallback.cs: e88c5396d33adcd6404b4cb8a051b2b1 -> 
  custom:scripting/monoscript/fileName/OrderedTestSuiteModifier.cs: 6a8006d91a7636d39c6731494060c3c2 -> 
  custom:scripting/monoscript/fileName/TcpListener.cs: 940bfdac0e91ad2884e6359468f2782a -> 
  custom:scripting/monoscript/fileName/DrawCreateWorkspaceView.cs: 6422239d8f649480614f0dd4f018b7f2 -> 
  custom:scripting/monoscript/fileName/ProjectPath.cs: 5634ebdbea8ca94089eb9622d1b60497 -> 
  custom:scripting/monoscript/fileName/SSOCredentialsDialog.cs: 8967ceae1bc195ea8dd32b23c42dd852 -> 
  custom:scripting/monoscript/fileName/PathToAddDropDownMenu.cs: d36723e8e049a568ef409c9adbf93be5 -> 
  custom:scripting/monoscript/fileName/DefaultTestWorkItem.cs: f906b4fb5b78cb9d23a07212620919d9 -> 
  custom:scripting/monoscript/fileName/TestRunnerApiMapper.cs: 241489454095fad1d1d89166ee62820f -> 
  custom:scripting/monoscript/fileName/LegacyPlayerRunTask.cs: 148e0500b0761261bc418d25c26e82b1 -> 
  custom:scripting/monoscript/fileName/Vector3ComparerWithEqualsOperator.cs: c497cde63ec72672e5f69e70b932688f -> 
  custom:scripting/monoscript/fileName/IGuiHelper.cs: da57d3fb0f8ace42d5b01eed25e9e3d5 -> 
  custom:scripting/monoscript/fileName/DownloadPlasticExeDialog.cs: 2dd40c53d0303d041a27a44a95c331cb -> 
  custom:scripting/monoscript/fileName/TcpClient.cs: a949cfd4c46427829913ee0195fa0103 -> 
  custom:scripting/monoscript/fileName/OutOfOrderExpectedLogMessageException.cs: 4ff78bac16cc86124e588c20ad3ddba7 -> 
  custom:scripting/monoscript/fileName/IPlatformSetup.cs: 6f20476898784a15f8b8eb28653a67fd -> 
  custom:scripting/monoscript/fileName/TestTreeViewItem.cs: aae3d62f4daf680133c1c18c7814d15e -> 
  custom:scripting/monoscript/fileName/AssemblyLoadProxy.cs: 0f3a4ee005eb8f7b33161c2ba6196e00 -> 
  custom:scripting/monoscript/fileName/SaveUndoIndexTask.cs: 6e0bcd5f418cf8184993174ac732fff4 -> 
  custom:scripting/monoscript/fileName/TestResultRenderer.cs: 2e8123de6d2eea4d42efb7a87e150b27 -> 
  custom:scripting/monoscript/fileName/WaitForDomainReload.cs: b6033700f0adcf3b23782f04c42e269c -> 
  custom:scripting/monoscript/fileName/PendingChangesTab_Operations.cs: c99065f3c85ec85c85ece2a1a30665af -> 
  custom:scripting/monoscript/fileName/LocksListViewItem.cs: cc9cd24c5be4f7363367cba72f12aad4 -> 
  custom:scripting/monoscript/fileName/ITestSettingsDeserializer.cs: 22e37de7af2cea07971d0ba87110dad7 -> 
  custom:scripting/monoscript/fileName/UnityTestAssemblyBuilder.cs: 5e02e71819f544263f933dbf6516d49f -> 
  custom:scripting/monoscript/fileName/PendingChangesViewPendingChangeMenu.cs: 561ad0f702e1db14300a4a5f810051f9 -> 
  custom:scripting/monoscript/fileName/SignInPanel.cs: f7e82045994d4eefe3b021faa87b55c6 -> 
  custom:scripting/monoscript/fileName/DrawInspectorOperations.cs: 61c4a6a6507d8f84ef5bdf5cba3f0aee -> 
  custom:scripting/monoscript/fileName/AnalyticsTestCallback.cs: 70c2658c96c40ebe349fda85c81dae6e -> 
  custom:scripting/monoscript/fileName/TestTaskBase.cs: 162ca0c58961a22b2d7f2a866ccb62df -> 
  custom:scripting/monoscript/fileName/DrawDirectoryResolutionPanel.cs: f98f1fd57bdd1c5a4fd726c1e9932fed -> 
  custom:scripting/monoscript/fileName/CloseWindowIfOpened.cs: d820344e932a12600b5fe6fb7e9f1563 -> 
  custom:scripting/monoscript/fileName/SaveAssets.cs: 11deea70336cb98c5d0b6c869323e6ef -> 
  custom:scripting/monoscript/fileName/TestLauncherBase.cs: c78237b225a855d3af10df4cd8d6a1b2 -> 
  custom:scripting/monoscript/fileName/FloatEqualityComparer.cs: 6ddc5d5b0944c660e6b695f37c9febc8 -> 
  custom:scripting/monoscript/fileName/ResultSummarizer.cs: fcfdcb2adeeb82cb8f411b44b44abdb0 -> 
  custom:scripting/monoscript/fileName/RepositoriesListView.cs: 9f95c83dc460fb03fb0916472f14b8a7 -> 
  custom:scripting/monoscript/fileName/LegacyStyleProjectGeneration.cs: 4858a0ab74312ccaa3ff27a510a9d575 -> 
  custom:scripting/monoscript/fileName/FileUtility.cs: 2d70b80c72be1fb3b2b89ce0939e8cef -> f1c9dfcabbfb8a9ef4a7dc54d85584c3
  custom:scripting/monoscript/fileName/AssetOperations.cs: 97ca82e12126cab19be075a5a6c981d9 -> 
  custom:scripting/monoscript/fileName/HandleMenuItem.cs: 740e54c5f6dca1acc88cad87af74b744 -> 
  custom:scripting/monoscript/fileName/CompositeWorkItem.cs: bc884a89fde61fa75209209a03bbd836 -> 
  custom:scripting/monoscript/fileName/ScreenResolution.cs: 5c975132cf4e36dcc261bd0acd604271 -> 
  custom:scripting/monoscript/fileName/RunFinishedData.cs: a22f15c3a79d1f15ccc31ec29ab37874 -> 
  custom:scripting/monoscript/fileName/ApplicationDataPath.cs: 8e4094e28762fb76a1baecfe90c6b65e -> 
  custom:scripting/monoscript/fileName/PlayModeTestListGUI.cs: 9528035223f9376ea8c5bf32da2d30c1 -> 
  custom:video-decoder-ogg-theora: a1e56fd34408186e4bbccfd4996cb3dc -> 
  custom:scripting/monoscript/fileName/RepaintInspector.cs: 65202bdc05e3e19fadffb7fd99f30154 -> 
  custom:scripting/monoscript/fileName/LockStatusCache.cs: 5e3725e03dc21c716034553589a67eae -> 
  custom:scripting/monoscript/fileName/DiffTreeView.cs: 68195907d129ef826aa6b6df7202696d -> 
  custom:scripting/monoscript/fileName/UnityTestProtocolListener.cs: 0d4d2ab58d3a081f00c0f200ee8696be -> 
  custom:scripting/monoscript/fileName/DependenciesDialog.cs: 82d30fc8d5e1a73ec0d1ee9acc00fbc2 -> 
  custom:scripting/monoscript/fileName/ChangesetListViewItem.cs: 95a197949f1e777703db60eea8cc21b3 -> 
  custom:scripting/monoscript/fileName/LocksViewMenu.cs: fda08381fa9abca53b6eaf3bf55f14f8 -> 
  custom:scripting/monoscript/fileName/MonoBehaviourTest.cs: 90647cc400823b41df847a6cbfc29026 -> 
  custom:scripting/monoscript/fileName/IncomingChangesViewMenu.cs: 1c61bc86fe003c2f3897950266cbb66f -> 
  custom:scripting/monoscript/fileName/QueryVisualElementsExtensions.cs: 75ea535788abf9c38ba9341c984a6241 -> 
  custom:scripting/monoscript/fileName/CommandLineParser.cs: 25c8ce1c1ecf3aba3903da1187b88166 -> 
  custom:scripting/monoscript/fileName/RiderScriptEditor.cs: 4ddd2581343451de6f696adaf8c0958f -> 
  custom:scripting/monoscript/fileName/TestResultRendererCallback.cs: 215106b260625bb3e26681b849d9307d -> 
  custom:scripting/monoscript/fileName/PlatformSpecificSetup.cs: 0a7f9c0b27ae370d8bd5d3df4916ae28 -> 
  custom:scripting/monoscript/fileName/EditModeLauncherContextSettings.cs: d1e413330d98a9101237ccbe91f95dea -> 
  custom:scripting/monoscript/fileName/PlayerQuitHandler.cs: b4085dee8fd70ae04ac96945fafed489 -> 
  custom:scripting/monoscript/fileName/WriteLogConfiguration.cs: 1a8401f47b522f631a3dc005105719f5 -> 
  custom:scripting/monoscript/fileName/PrebuildSetupTask.cs: a4e888a510b1441a257b12183e59237b -> 
  custom:scripting/monoscript/fileName/DrawTextBlockWithEndLink.cs: d447e809d154b60a192c102b7b82eecf -> 
  custom:scripting/monoscript/fileName/UnexpectedLogMessageException.cs: a7bbf32861c66018271b093fc1d1061b -> 
  custom:scripting/monoscript/fileName/FileSystemOperation.cs: c31a686e69e66801c204a11be56c950a -> 
  custom:scripting/monoscript/fileName/RerunCallback.cs: ffe49cf602017087ffa7749d06513ace -> 
  custom:scripting/monoscript/fileName/MigrateCollabProject.cs: af93695e471d9c8e4ad014c4165f2c3c -> 
  custom:framework-win-MediaFoundation: 216162199b28c13a410421893ffa2e32 -> 
  custom:scripting/monoscript/fileName/ITestListCache.cs: 93f202374a8dd6602503d990ab2feb72 -> 
  custom:scripting/monoscript/fileName/TestRunCallbackAttribute.cs: c61459d4a70eab5bd767d5a1f82f55d8 -> 
  custom:scripting/monoscript/fileName/ProgressControlsForViews.cs: 7d677c6df38ab15cf390062b5b0bb854 -> 
  custom:scripting/monoscript/fileName/DrawAssetOverlay.cs: 8ccd7cea9aa918859be0b55818cb990b -> 
  custom:scripting/monoscript/fileName/LastWriteTracker.cs: c78bd5b4fa28ac60ca7ed50f9c2b99d2 -> 
  custom:scripting/monoscript/fileName/PrebuildSetupAttributeFinder.cs: 1f975f3a70c8f9747da919735d84e6c3 -> 
  custom:scripting/monoscript/fileName/ProjectWindow.cs: 953e9bbd852a9f12f91349161baa793e -> 
  custom:scripting/monoscript/fileName/TestExtensions.cs: 8e47deac44d7b87eaa5df5d00556dc15 -> 
  custom:scripting/monoscript/fileName/TestEnumeratorWrapper.cs: 3e969f8448dc5644f60fbcb6f1badbcb -> 
  custom:scripting/monoscript/fileName/MergeLinksListView.cs: 826afb5fb5988163105086b4bf5027af -> 
  custom:scripting/monoscript/fileName/LogWriter.cs: 89105d9cfbe59e79a996dde998b3e7ff -> 
  custom:scripting/monoscript/fileName/AttributeHelper.cs: dcab3630cb119e1a5f7f9c7b24677e49 -> 
  custom:scripting/monoscript/fileName/TestRunCanceledException.cs: ff7dc6bce365deb50fafe94b823009cb -> 
  custom:scripting/monoscript/fileName/ISettingsBuilder.cs: af84c62ea6a033820a24a2d04c70d5c3 -> 
  custom:scripting/monoscript/fileName/Vector4ComparerWithEqualsOperator.cs: 982db4358832ddfb456522b96543f1da -> 
  custom:scripting/monoscript/fileName/UnityTestExecutionContext.cs: 4c0ef8e8d96fc20b3ec58c9447d6ec92 -> 
  custom:scripting/monoscript/fileName/EditorProgressBar.cs: 7418be9b22aaea32732f8a5f49569d1c -> 
  custom:scripting/monoscript/fileName/MeasureMaxWidth.cs: cd9322680ae61d38397008451b7ed0ed -> 
  custom:scripting/monoscript/fileName/SaveModiedSceneTask.cs: 135adac13be698ff4439d6c6268aa5b8 -> 
  custom:scripting/monoscript/fileName/ChangesetsListHeaderState.cs: 69fc4f1a2bc3782d7043ec48961a3616 -> 
  custom:scripting/monoscript/fileName/TestSettingsDeserializer.cs: 2daa2d89ea5f024d33cb1e72a3d35d63 -> 
  custom:scripting/monoscript/fileName/TestResultSerializer.cs: b75c8de5ed0cf8b4071350488249260d -> 
  custom:scripting/monoscript/fileName/EditModeTestListGUI.cs: 8831f0ca2dcd13614282b516af72c688 -> 
  custom:scripting/monoscript/fileName/Messenger.cs: f4ebc46d09b2b4de489946914db2aae0 -> 
  custom:scripting/monoscript/fileName/RiderStyles.cs: 871a958d95b29e48af876a5d411c626a -> 
  custom:scripting/monoscript/fileName/PendingChangesTreeHeaderState.cs: 7d278b5569d28437d07554a3bbb56e1b -> 
  custom:scripting/monoscript/fileName/BeforeAfterTestCommandState.cs: b5335096b805e070d1c48ec9209e057d -> 
  custom:scripting/monoscript/fileName/ChangelistMenu.cs: ca33bac56b3a337faa90a1b1bba632d6 -> 
  custom:scripting/monoscript/fileName/MissingEncryptionPasswordPromptHandler.cs: 7f5831fc8a41e9cadd84fcfd0e885072 -> 
  custom:scripting/monoscript/fileName/NotificationBar.cs: e0f12e3f3292fff5a590c00b59f3a17a -> 
  custom:scripting/monoscript/fileName/UnityThreadWaiter.cs: dbd556f2802baab90a20da38c288d36c -> 
  custom:scripting/monoscript/fileName/CredentialsDialog.cs: 179b5e49656a1623c2e79d838f0f5876 -> 
  custom:scripting/monoscript/fileName/GetRestorePathDialog.cs: e21eb9983f0b989125951478cd5e9b35 -> 
  custom:scripting/monoscript/fileName/UpdateReportListHeaderState.cs: 64a5bf775d221ad9a5ff8c78a1e0e1fa -> 
  custom:scripting/monoscript/fileName/LocksListView.cs: 8c6202774eebcf67be9c3b5a2926cc7c -> 
  custom:scripting/monoscript/fileName/DownloadAndInstallOperation.cs: b043b8d5921892e87f4566e00162cff6 -> 
  custom:scripting/monoscript/fileName/OpenCoverResultWriter.cs: 189aadaba86eec5035fb69388bfb8b75 -> 
  custom:scripting/monoscript/fileName/MigrationDialog.cs: 6f54298c40ebad035075535ded194b8e -> 
  custom:scripting/monoscript/fileName/ProcessRunner.cs: 932a2a80cb9a3539199f645deff3c585 -> 
  custom:scripting/monoscript/fileName/DiffTreeViewMenu.cs: 3e62bfc69ca7486976988e151b88922e -> 
  custom:scripting/monoscript/fileName/ICommandLineOption.cs: 71c726b35ce91defe8d1478ca35df0c3 -> 
  custom:scripting/monoscript/fileName/UnityStyles.cs: bcf65fb687af3f53a0267e785c2e095d -> 
  custom:scripting/monoscript/fileName/EditModePCHelper.cs: e16a214ddb2d161f4792170cb0c8e6aa -> 
  custom:scripting/monoscript/fileName/HistoryTab.cs: 4d086984813cd90d6be245dd8e03a2ba -> 
  custom:scripting/monoscript/fileName/AssemblyNameFilter.cs: ce7ef29746fb23841833950bb87cfa6a -> 
  custom:scripting/monoscript/fileName/HistorySelection.cs: 7c3afcf345a55e8b77ea41ca0f570218 -> 
  custom:scripting/monoscript/fileName/CreateWorkspace.cs: 7b3086384e5ddcd73cd5064a3ce31cd2 -> 
  custom:scripting/monoscript/fileName/ShowWindow.cs: c731454122754eec192bc3c53fac3d95 -> 
  custom:scripting/monoscript/fileName/LocksListHeaderState.cs: b80c5f044f18764adef2e9dbea5f0fb1 -> 
  custom:scripting/monoscript/fileName/RemotePlayerLogController.cs: 158b55f2a8781eb1cac7ac26acd42fc6 -> 
  custom:scripting/monoscript/fileName/EnumerableTestState.cs: 30e3efb82d3f99d65cdecdd2f0bc0194 -> 
  custom:scripting/monoscript/fileName/CreateRepositoryDialog.cs: 1e1c5399cf3d0b071c7982c565a710ce -> 
  custom:scripting/monoscript/fileName/UnityTestAssemblyRunner.cs: 6329fd25aa4b3ce344b8f9506a5c2047 -> 
  custom:scripting/monoscript/fileName/ITestPlayerBuildModifier.cs: fe113c86bde5fdad424c8cc5e51fe0a4 -> 
  custom:scripting/monoscript/fileName/ProgressControlsForMigration.cs: 349ee2f6ed8020f22464402be47faea4 -> 
  custom:scripting/monoscript/fileName/RenameBranchDialog.cs: 4e8cba56a673b7adf6b1f70db522f07c -> 
  custom:scripting/monoscript/fileName/EncryptionConfigurationDialog.cs: 6423045767c07e6360ff314ec741c601 -> 
  custom:scripting/monoscript/fileName/RemoteTestResultDataFactory.cs: 875f30f4d57949231d64836d9e348a72 -> 
  custom:scripting/monoscript/fileName/UnityTestAttribute.cs: a53f050fb661d50bb6c962963a554f8e -> 
  custom:scripting/monoscript/fileName/TestListCache.cs: ff7c7e6ac29ad86c5fe33a64ed0d2f4f -> 
  custom:scripting/monoscript/fileName/ExceptionEventArgs.cs: 27cb4c00a4137b184e01164606c88685 -> 
  custom:scripting/monoscript/fileName/UnityTestMethodCommand.cs: ccfa8ff8b49ded2664d646e8ee3d5ff4 -> 
  custom:scripting/monoscript/fileName/CheckinProgress.cs: 298ac58365579798eb3b4defc181ccaf -> 
  custom:scripting/monoscript/fileName/ITestRunnerApi.cs: a476c74c9cbf5732bdfc8c88b9702476 -> 
  custom:scripting/monoscript/fileName/RiderInitializer.cs: d44ce07d40dcd4d066b6c1c8d08f3519 -> 
  custom:scripting/monoscript/fileName/Vector4EqualityComparer.cs: 998bf018f3e79a3b4501bebf13133ef3 -> 
  custom:scripting/monoscript/fileName/PendingChangesSelection.cs: 766664749a54eea9ecce5dff917430ef -> 
  custom:scripting/monoscript/fileName/EditorLoadedTestAssemblyProvider.cs: 406b39f61e53aa4b6c435e30af6b5276 -> 
  custom:scripting/precompiled-assembly-types:Unity.TestTools.CodeCoverage.Editor: d149527e5c885a7c3085f4e656316fb7 -> 
  custom:scripting/monoscript/fileName/TestEvent.cs: ff94f6973aa3f0db280f3ed0b7577e48 -> 
  custom:scripting/monoscript/fileName/IFileIO.cs: d1715877724f6e7813b95bae6fbc24d5 -> 
  custom:scripting/monoscript/fileName/Utils.cs: 40c528c300bfc0733192292a788cb076 -> 
  custom:scripting/monoscript/fileName/ProjectGeneration.cs: 5d892aecaaa9b5c9f4162e2ae2b374ef -> 685060b4be9c2eea27283f04c074da68
  custom:scripting/precompiled-assembly-types:Unity.CollabProxy.Editor: 9fe11a58ab4efabc40e3993980369fc4 -> 
  custom:scripting/monoscript/fileName/ResultsWriter.cs: 746214782064f32efde31c48d7caa76f -> 
  custom:scripting/monoscript/fileName/LuminPlatformSetup.cs: e65a295a4e58fc042cc74afa9243a080 -> 
  custom:scripting/monoscript/fileName/LoadAsset.cs: 9042eb334fc462cf466672445be1d4c2 -> 
  custom:scripting/monoscript/fileName/EditorAssemblyWrapper.cs: 8682dbb48030d53c622cd194bfa9e87d -> 
  custom:scripting/monoscript/fileName/Images.cs: 0b0c14141950fed99e3ef33199b3b4c9 -> 
  custom:scripting/monoscript/fileName/DrawLocksListViewItem.cs: ce3a3d64ec2d84c3556ffd4141efc4f7 -> 
  custom:scripting/monoscript/fileName/DrawProgressForOperations.cs: ea9179848be98ee7719316b39339ef29 -> 
  custom:scripting/monoscript/fileName/RequireApiProfileAttribute.cs: 4cce4894a0d08ef40fd237b8e50d1caa -> 
  custom:scripting/monoscript/fileName/CleanupVerificationTask.cs: 12e81b196e7eac521f1ae8e0411b3d28 -> 
  custom:scripting/monoscript/fileName/ViewSwitcher.cs: af4cfa015a44a1390a6513bac2b176c3 -> 
  custom:scripting/monoscript/fileName/RepositoryListViewItem.cs: 2f16ba7694ec7934685021093e722c4e -> 
  custom:scripting/monoscript/fileName/RiderPathUtil.cs: a77167e74e3a3d01856e2c8265c09e64 -> 
  custom:scripting/monoscript/fileName/InspectorAssetSelection.cs: 71ba78e42827a9b22a9a6016733d756f -> 
  custom:scripting/monoscript/fileName/UVCPackageVersion.cs: 0f4077cb83cde000a967972e97c7cc8c -> 
  custom:scripting/monoscript/fileName/IncomingChangesTreeHeaderState.cs: 4bc13fab96eb0f182b96527f84dcd7f7 -> 
  custom:scripting/monoscript/fileName/Symbols.cs: 27613575e8bda8a6448f80ff27c488f9 -> 
  custom:scripting/monoscript/fileName/VersionPair.cs: 88b4a0b7e953537f26ded0a68cf4c238 -> 
  custom:scripting/monoscript/fileName/EnumerableSetUpTearDownCommand.cs: 16b603dbb9724508977696171a42991f -> 
  custom:scripting/monoscript/fileName/WorkspaceOperationsMonitor.cs: 3aaab60832000a68ac1ea7432c36aabe -> 
  custom:scripting/monoscript/fileName/EnumerableTestMethodCommand.cs: 9040b48595c4d63d6c1126d81d3f1105 -> 
  custom:scripting/monoscript/fileName/EditorCompilationInterfaceProxy.cs: 12bc7b3dd0ab2ff83629d76ca37d0d4d -> 
  custom:CustomObjectIndexerAttribute: 9a22284fe3817be447336de3de66b15e -> 
  custom:scripting/monoscript/fileName/TestResultAdaptor.cs: fb4db3971d5379750cda884e7e44e3e4 -> 
  custom:scripting/monoscript/fileName/PostBuildCleanupAttribute.cs: 71391ff444f943d9ad8dd0d42b7ac81f -> 
  custom:scripting/monoscript/fileName/TestTreeData.cs: 1859d24be324d8fb87ab0c693d76d928 -> 
  custom:scripting/monoscript/fileName/Vector3EqualityComparer.cs: 1c8652cac1f220d6409ab1ba3f211615 -> 
  custom:scripting/monoscript/fileName/ScriptingRuntimeProxy.cs: 19d9ac4d844404a0464698120ed39275 -> 
  custom:scripting/monoscript/fileName/VisualStudioEditor.cs: 21e59f688ad500ab61aca318850ec505 -> 
  custom:scripting/monoscript/fileName/MacOSConfigWorkaround.cs: 8634a542fc5c45ea8cd9a8244bf2c871 -> 
  custom:scripting/monoscript/fileName/AssemblyFiltering.cs: 7c8848ccdeb134ce6ffc8bfe64c48d94 -> 
  custom:scripting/monoscript/fileName/IncomingChangesSelection.cs: f44c3722e3ee3bc46292d48d8d666562 -> 
  custom:scripting/monoscript/fileName/VisualStudioInstallation.cs: 41612f13db7783c8635801ab159c1079 -> 
  custom:scripting/monoscript/fileName/EditorWindowCoroutineExtension.cs: 8c612763925b943c64e54855c759cc9e -> 
  custom:scripting/monoscript/fileName/RestoreTestContextAfterDomainReload.cs: 3f8ddcbc7c316ccf5012287995780eb2 -> 
  custom:scripting/monoscript/fileName/PlasticProjectSettingsProvider.cs: d1569be2ffeb76df9ade3ae9cd0a4e36 -> 
  custom:scripting/monoscript/fileName/WindowResultUpdater.cs: 605812b0e2a9a0174e15ed86a3d5ac57 -> 
  custom:scripting/monoscript/fileName/Icons.cs: abf089f96620a0dfa1fac77a06c6c48e -> 64dc489afccf1df938977421367c90ef
  custom:scripting/monoscript/fileName/AssetMenuItems.cs: 64aa50dcc3bfcf35201c6730dc62acc3 -> 
  custom:scripting/monoscript/fileName/ToolConstants.cs: a088b027c7b0922429c756f12b0507ea -> 
  custom:scripting/monoscript/fileName/IAssemblyWrapper.cs: 993dbd556e2f14ec6d4f6bce6cb00191 -> 
  custom:scripting/monoscript/fileName/UITestRunnerFilter.cs: a9e31eaec62dd508fa917eadb1c52808 -> 
  custom:scripting/monoscript/fileName/IUtpLogger.cs: 1b41334d9fc4fd5edb024e0bd2a6db56 -> 
  custom:scripting/monoscript/fileName/GetSelectedPaths.cs: 02423a81496d6c63598b5cdc203f4354 -> 
  custom:scripting/monoscript/fileName/TokenExchangeResponse.cs: 0dd9138dbeab6f132711a5b608de5c13 -> 
  custom:scripting/precompiled-assembly-types:Unity.EditorCoroutines.Editor: 939c1390cec4719064bc8982808f80e1 -> 
  custom:scripting/monoscript/fileName/ChangesetsTab_Operations.cs: eca44847b108faefa69f8c525242c965 -> 
  custom:scripting/monoscript/fileName/EditorWaitForSeconds.cs: 136f9181567622a0dc32613566fb6f9c -> 
  custom:scripting/monoscript/fileName/OverlayRect.cs: 61f473b5a4768fa31a00fafe3b1b5b69 -> 
  custom:scripting/monoscript/fileName/ConfigurePartialWorkspace.cs: 309d4276b0164b05348aedbd51cc0b2f -> 
  custom:scripting/monoscript/fileName/ValidRepositoryName.cs: 43c262be3f66a970816e3d3a3ee8872a -> 
  custom:scripting/monoscript/fileName/CyclomaticComplexity.cs: 803a2aa17bf80178fd1b2807c4712b07 -> 
  custom:scripting/monoscript/fileName/BuildTestTreeTask.cs: ca4a5380bc07f43d0ad6bc5c2ca39b4b -> 
  custom:scripting/monoscript/fileName/TestListGuiHelper.cs: 6d40eb061ebdba07e078b90b14eadffd -> 
  custom:container-demuxer-webm: 4f35f7cbe854078d1ac9338744f61a02 -> 
  custom:scripting/monoscript/fileName/TestResultExtensions.cs: 1c512e213c49ce6d72b9d37b957b9372 -> 
  custom:scripting/monoscript/fileName/GetPlasticShortcut.cs: 2a84c035152261f00e7e66eb44cd0ffa -> 
  custom:scripting/monoscript/fileName/LogMatch.cs: fed715ef044674dde53628d58d931b50 -> 
  custom:scripting/monoscript/fileName/TestCommandPcHelper.cs: f958b2880473418011bc0cda18245d1e -> 
  custom:scripting/monoscript/fileName/CallbacksDelegatorListener.cs: f80c4f45fed6816f24285f468af00026 -> 
  custom:scripting/monoscript/fileName/TestRunnerWindowSettings.cs: fb70b758f65d0605100dbd9482b7158e -> 
  custom:scripting/monoscript/fileName/GuiEnabled.cs: 1b1658fd7715b5cc664c10a130c6b629 -> 
  custom:scripting/monoscript/fileName/BuildPathDictionary.cs: 943911b84162d26cea47f964f9a0a399 -> 
  custom:scripting/monoscript/fileName/FindEditorWindow.cs: 2bb64182aef631315344623cf583c78a -> 
  custom:scripting/monoscript/fileName/AnalyticsReporter.cs: 990f0ccd7dd9ebe56483e30a572c9394 -> 
  custom:scripting/monoscript/fileName/TestEnumerator.cs: 26328e1622cb69ba0b1e01e906e7f65f -> 
  custom:scripting/monoscript/fileName/DrawProgressForViews.cs: c153245b67af73b7ee03f693a1127796 -> 
  custom:scripting/monoscript/fileName/EnumerableRetryTestCommand.cs: b281084796eb91cc19de80f3f2b73a56 -> 
  custom:scripting/monoscript/fileName/UtpDebuglogger.cs: 2f96cd7ac1384aa23e8238df80ef8354 -> 
  custom:scripting/monoscript/fileName/UpdateReportDialog.cs: 706e7e86547c339cdb3a4462e3f7a54d -> 
  custom:scripting/monoscript/fileName/SyncTestRunCallback.cs: 0f406f4b09f3b7bd1bfd8f867df2e978 -> 
  custom:scripting/monoscript/fileName/HistoryListView.cs: 527da2d093462f1c4a278d6957e7d5ac -> 
  custom:scripting/monoscript/fileName/ChangeTreeViewItem.cs: 6d2565e36ea9929ef72645328255933b -> 
  custom:scripting/monoscript/fileName/CallbackInitializer.cs: b6cad195ed4890ee7aed8c4de2807157 -> 
  custom:scripting/monoscript/fileName/QuaternionEqualityComparer.cs: 0787e0a336d915c2829c2f55fd970a0d -> 
  custom:scripting/monoscript/fileName/ITestAdaptor.cs: 1f6228260995615097fc339d08bee2f4 -> 
  custom:scripting/monoscript/fileName/BringWindowToFront.cs: 88b20f2a2881db6a013f54923d68cdee -> 
  custom:scripting/monoscript/fileName/ITestSuiteModifier.cs: 4374b14ce25f3e6c8b983b3d579e38b4 -> 
  custom:scripting/monoscript/fileName/SyncTestRunEventsHandler.cs: 9ebe337aca2d71ac02fccc5c886e0668 -> 
  custom:scripting/monoscript/fileName/LaunchCheckinConflictsDialog.cs: 4417eba1591eccb2221bfdce0106c1e0 -> 
  custom:scripting/monoscript/fileName/ParseArguments.cs: 03c1a4d7e357164ca313a0019713c3db -> 
  custom:scripting/monoscript/fileName/ExternalLink.cs: 4dbc8bcb207d37de5802dc9cd6fbf286 -> 
  custom:scripting/monoscript/fileName/WaitingSignInPanel.cs: 247680fcfc6a176b9fa28a3df600a754 -> 
  custom:scripting/monoscript/fileName/RemoteTestResultReciever.cs: 3396dcbdb7cfcd933b2182fbc1532e1a -> 
  custom:scripting/monoscript/fileName/TestingHelpData.cs: e9fb5aa3a4e89e7c8310c391dd25462d -> 
  custom:scripting/monoscript/fileName/OperationProgressData.cs: 0db72349eeecbe9449a517b1d79cc760 -> 
  custom:scripting/monoscript/fileName/ExitPlayMode.cs: f2eb63cb1a92bddb334eb5c2d75abc43 -> 
  custom:scripting/monoscript/fileName/StringUtils.cs: e49393bed9b27f8092372b1c93fd8ad8 -> f71839f7ce56b3794c992a841905b26c
  custom:scripting/monoscript/fileName/IStateSerializer.cs: 2c22f7cb714163eee04bfe4b72ec4957 -> 
  custom:scripting/monoscript/fileName/OpenCoverReporterFilter.cs: 2d53bcb538f1e1bab2d5255d31aa1f03 -> 
  custom:scripting/monoscript/fileName/UnityTestProtocolStarter.cs: e4b107bc354fd6dcbd62420da6500b7c -> 
  custom:scripting/monoscript/fileName/RepositoriesListHeaderState.cs: c0353a1af15ae4fd3d5a2a3cac816423 -> 
  custom:scripting/monoscript/fileName/ClientDiffTreeViewItem.cs: 56be9d3aa410e770e75de2d8b93be89d -> 
  custom:scripting/monoscript/fileName/CommandLineManager.cs: c2ae7b49fe137725b1161004de96f1ec -> 
  custom:scripting/monoscript/fileName/CreateWorkspaceView.cs: 0f1446bdab952811ae2968789e1a2804 -> 
  custom:scripting/monoscript/fileName/CommandLineArguments.cs: 0d20ca25f94249586a7c1484c469d8a2 -> 
  custom:scripting/monoscript/fileName/BuildActionTaskBase.cs: 90647cc400823b41df847a6cbfc29026 -> 
  custom:scripting/monoscript/fileName/Solution.cs: 8bc97d0abd509f39b67b3a5bbac1b9a1 -> 
  custom:scripting/monoscript/fileName/DownloadRepository.cs: 46fc68d9cc4da8e8ed765ff28b2dd438 -> 
  custom:scripting/monoscript/fileName/ParentWindow.cs: 2476d8a6ba9c3055f984ac9792cae61a -> 
  custom:scripting/monoscript/fileName/OperationParams.cs: 091a140b35535b91c773ddf98925322d -> 
  custom:scripting/monoscript/fileName/IEditModeTestYieldInstruction.cs: ad49fb85f2d4ed0badb27552deac0771 -> 
  custom:scripting/monoscript/fileName/CachingTestListProvider.cs: bfcb79acce43a93633071168c814d063 -> 
  custom:scripting/monoscript/fileName/SignInWithEmailPanel.cs: a5823728eb62cf6dbd8c933c1cb26f53 -> 
  custom:scripting/monoscript/fileName/UnityPlatformAttribute.cs: e79555e200698f1b55c6c54851cd369e -> 
  custom:scripting/monoscript/fileName/TestStarter.cs: d1bc3fba65bb4735afc3828355ea6c72 -> 
  custom:scripting/monoscript/fileName/LaunchInstaller.cs: f9b7c99441bc32980ce9b95be066824b -> 
  custom:scripting/monoscript/fileName/TestPlayerBuildModifierAttribute.cs: d4ffc53911ef24dec9dc901e0444a77b -> 
  custom:scripting/monoscript/fileName/AvatarImages.cs: ea6dca998cf0ec5122553a9e010ef687 -> 
  custom:scripting/monoscript/fileName/DrawHelpPanel.cs: c174bf3ce061cdd01d1a43fbc0fc1196 -> 
  custom:scripting/monoscript/fileName/DrawUserIcon.cs: 2f65feb9bed897237f97fbf9c5479092 -> 
  custom:scripting/monoscript/fileName/ITestListCacheData.cs: 09682e3e03141d9f43100cdaff3665eb -> 
  custom:scripting/monoscript/fileName/TestListCacheData.cs: 295232838ed90f85679b2d004562d59e -> 
  custom:scripting/monoscript/fileName/AssetStatus.cs: b9ea657347f2c22e8e401cdb256c516c -> 
  custom:scripting/monoscript/fileName/StringBuilderExtensions.cs: 14a3bca92eed52569c50d58813f48a9b -> 
  custom:scripting/monoscript/fileName/BranchesListView.cs: 334a3fb302f855f71fb71520fb442a71 -> 
  custom:scripting/monoscript/fileName/DrawGuiModeSwitcher.cs: 363adc150c5f1c5059a678f179906090 -> 
  custom:scripting/monoscript/fileName/Is.cs: 6922f89182cd28e32ba48e34cda7947d -> 
  custom:scripting/monoscript/fileName/TestListGUIBase.cs: 24d4809a020104916f1cbf5b523f10ca -> 
  custom:scripting/monoscript/fileName/WindowResultUpdaterDataHolder.cs: 2de8ba1615f5d28c30d54411d42e2524 -> 
  custom:scripting/monoscript/fileName/UnityMenuItem.cs: 5f445176ad3735e69769d93250663be7 -> 
  custom:scripting/monoscript/fileName/WebRestApiClient.cs: 6424f240d88db97dc270e63cc904f0e3 -> 
  custom:scripting/monoscript/fileName/IGenerator.cs: 7460422a7cf0a449df86606b185ffb0e -> 
  custom:scripting/monoscript/fileName/PlayerConnectionMessageIds.cs: 2e4b7265f0eeb40e1260d00fe6e4614e -> 
  custom:scripting/monoscript/fileName/IncludedAssembliesPopupWindow.cs: c50d930dfc1998e50118c8fb5b971730 -> 
  custom:scripting/monoscript/fileName/SwitchPlatformSetup.cs: 576de741bbd585688af4b8aaf70f0708 -> 
  custom:scripting/monoscript/fileName/RemoteTestResultDataWithTestData.cs: bcf701fb298ed6f8cab894b203300c37 -> 
  custom:scripting/monoscript/fileName/IAssemblyNameProvider.cs: 005dc9d9c07dc825fea94e0fbc841e20 -> 
  custom:scripting/monoscript/fileName/IncomingChangesTreeView.cs: 9385033415817005d171b935a17532b7 -> 
  custom:scripting/monoscript/fileName/OpenCoverReporterStyles.cs: b155dfdc604e0b15592a8faf6771f6b1 -> 
  custom:scripting/monoscript/fileName/GenericProgress.cs: 11287c7d038c487f32d0c8edc476a32d -> 
  custom:scripting/precompiled-assembly-types:JetBrains.Rider.PathLocator: cc0f6b5fd89737b9c88f7fff1881167a -> 
  custom:scripting/monoscript/fileName/CodeCoverageWindow.cs: e3c957da88bcb77e849ebd28566bb3e9 -> 
  custom:scripting/monoscript/fileName/MergeCategoryTreeViewItem.cs: c1ecd9dc0cd73eb7eb129994dedc1a91 -> 
  custom:scripting/monoscript/fileName/CheckinDialog.cs: 1709b78fae1329cc05fd4f39334b25f5 -> 
  custom:scripting/monoscript/fileName/ProcessCommand.cs: b8ac3f676ec101f7ebb0d2fff79235f1 -> 
  custom:scripting/monoscript/fileName/GUIDProvider.cs: cdd3f47e4fe593d2dfdf9915fa537e3f -> 
  custom:scripting/monoscript/fileName/SortOrderComparer.cs: 8f6297df34271fdb1ce2d9607ec6261d -> 
  custom:scripting/monoscript/fileName/GUIActionRunner.cs: 69af7de0762ed6d085feb4cc4b5101b3 -> 
  custom:scripting/monoscript/fileName/PlasticMenuItem.cs: 07a9318d8d82a152df4ec33acd1befdd -> 
  custom:scripting/monoscript/fileName/PendingChangesTreeView.cs: f3722f38014385705913f17dbe0f90c1 -> 
  custom:scripting/monoscript/fileName/TestJobData.cs: 194f4626c5a4649f7b9d85aa9d59e59a -> 
  custom:scripting/monoscript/fileName/VCSPlugin.cs: e4ec197b273413c2276be270d94be16d -> 
  custom:scripting/monoscript/fileName/RuntimeTestRunnerFilter.cs: 526247a6af82c71973a55c9c5be36280 -> 
  custom:scripting/monoscript/fileName/EditorIcons.cs: a3e3ee0982e43ced03e246e0d28ff4a2 -> 
  custom:scripting/monoscript/fileName/GetClientDiffInfos.cs: 4ae14b15e2cf5177a84735548a44cdc9 -> 
  custom:scripting/monoscript/fileName/DrawActionButtonWithMenu.cs: d7f31944358aed2f3ed3982246fca039 -> 
  custom:scripting/monoscript/fileName/ITestSettings.cs: 7d6676128f469c2eefb2813ec592ab4f -> 
  custom:scripting/monoscript/fileName/ErrorListViewItem.cs: 732dcd63546c04257b33a0917d21b2ae -> 
  custom:scripting/monoscript/fileName/RemoteTestResultSender.cs: 2b6acbe484994dc310d0ac406904e742 -> 
  custom:container-muxer-webm: aa71ff27fc2769a1b78a27578f13a17b -> 
  custom:scripting/monoscript/fileName/AttributeFinderBase.cs: 7e104530f871143fdb60a169114dd663 -> 
  custom:scripting/monoscript/fileName/EditorProgressControls.cs: b1f133fa38afd918d537a72574fc93a0 -> 
  custom:scripting/monoscript/fileName/PlaymodeLauncher.cs: 7559db6722a49842c0446e2fd98b6c97 -> 
  custom:scripting/monoscript/fileName/BranchesListHeaderState.cs: d47f1164fa7093137db851c4c16ffba3 -> 
  custom:scripting/monoscript/fileName/ExitCallbacksDataHolder.cs: 2a73f9623aa81becb5d8d11a43747b12 -> 
  custom:scripting/monoscript/fileName/DrawSearchField.cs: b11b864a92c7d76f85d4ec87d6faf61c -> 
  custom:scripting/monoscript/fileName/PendingChangesTab.cs: c99065f3c85ec85c85ece2a1a30665af -> 
  custom:scripting/monoscript/fileName/HelpPanel.cs: 332d4928343b8eabbba674e47af0c489 -> 
  custom:scripting/monoscript/fileName/TestAdaptorFactory.cs: b9e4d12260befcd688940e2c80db8ee8 -> 
  custom:scripting/monoscript/fileName/IEnumerableTestMethodCommand.cs: 81260787415c187c9e413e476b816cd2 -> 
  custom:scripting/monoscript/fileName/BuildGetEventExtraInfoFunction.cs: 1308a6936e8051866a117b3b7c2c7b77 -> 
  custom:scripting/monoscript/fileName/IGUIDGenerator.cs: bad2c2e3b2dbec33c36bdfd6fc903e19 -> 
  custom:scripting/precompiled-assembly-types:log4net: 019978558686b3dbe60f5be7e8a69682 -> 
  custom:video-decoder-webm-vp8: 9c59270c3fd7afecdb556c50c9e8de78 -> 
  custom:scripting/monoscript/fileName/AssetsDatabaseHelper.cs: e690d63c7b932a5efaeaf8c476198e75 -> 
  custom:scripting/monoscript/fileName/WelcomeView.cs: 727cdb3e104b6a2a1b2a292c292f355e -> 
  custom:scripting/monoscript/fileName/HelpFormat.cs: 21ed51b2b4a8895b33c59b0da2dab5f3 -> 
  custom:scripting/monoscript/fileName/RiderAssetPostprocessor.cs: e95044eb94149eee30f5192e36c02104 -> 
  custom:scripting/monoscript/fileName/SerializableVersion.cs: 66cf30c0372dc35aea960f71af56ff8a -> 
  custom:scripting/monoscript/fileName/PlasticApp.cs: c440a0fb380601a77ad475d6c15d4fa1 -> 
  custom:scripting/monoscript/fileName/PerformUndoTask.cs: f38e53873dc9c7e638622dda18102b41 -> 
  custom:scripting/monoscript/fileName/ChangesetsTab.cs: ef408d8aaf89e01b17643ed0c836680d -> 
  custom:scripting/monoscript/fileName/DrawProgressForMigration.cs: ae1efb383fa608b24b67941239effb04 -> 
  custom:scripting/monoscript/fileName/DeleteBranchDialog.cs: efbbc070bfeda2b746e8b15a4380cb26 -> 
  custom:scripting/monoscript/fileName/IncomingChangesNotification.cs: 5804eea08e59310a581998ae8010a5e1 -> 
  custom:scripting/monoscript/fileName/DrawTreeViewEmptyState.cs: 6287514b9d86e73fc5c808e9a9847355 -> 
  custom:scripting/monoscript/fileName/ErrorsListView.cs: 202ccd428b59063895c865fc91609494 -> 
  custom:scripting/monoscript/fileName/UnityPendingChangesTree.cs: fd6f0a038401268983bd9328d10dec93 -> 
  custom:scripting/monoscript/fileName/MessageEventArgs.cs: 528473bbcee3623fe954627c6bfadd2e -> 
  custom:scripting/monoscript/fileName/RuntimeTestLauncherBase.cs: 9c570bd0d91da3e5211e4436ad92314b -> 
  custom:scripting/monoscript/fileName/TestActionCommand.cs: 753f99c04dd69dc2a43030237870dd1f -> 
  custom:scripting/monoscript/fileName/BaseDelegator.cs: d270baecbc007d1328bc5c9991d1dea9 -> 
  custom:scripting/monoscript/fileName/TestSettings.cs: d583ccee803a035f2d53ba29374aac19 -> 
  custom:scripting/monoscript/fileName/TestRunCallbackListener.cs: 15fa13086a2949901b1e4a3584b83cd8 -> 
  custom:scripting/monoscript/fileName/EmptyCheckinMessageDialog.cs: 12efddebfc1859d39c5d8d43b34ef051 -> 
  custom:scripting/monoscript/fileName/IOuterUnityTestAction.cs: 58e7f8b884a5d88e319b8f448f29bfdb -> 
  custom:scripting/monoscript/fileName/SynchronousFilter.cs: b84da53d6d10348793b3683f19a6d4b3 -> 
  custom:scripting/monoscript/fileName/PlasticDialog.cs: b0aae1bf1889af041741f324070b7b84 -> 
  custom:scripting/monoscript/fileName/LegacyEditModeRunTask.cs: 2b5f09ef7f63773ca676d71969800516 -> 
  custom:SearchIndexIgnoredProperties: e643bd26f0fe6173181afceb89e7c659 -> 
  custom:scripting/monoscript/fileName/ProjectProperties.cs: 407063898a13eaad2cd100e43551c6b5 -> 
  custom:scripting/monoscript/fileName/AutoRefresh.cs: 9d30d5d3f0e8985355be1ab597da1dbb -> 
  custom:scripting/monoscript/fileName/PlasticPluginIsEnabledPreference.cs: 56473af084ae343e005353d1ebe26bab -> 
  custom:scripting/monoscript/fileName/HelpData.cs: 4912f3cb1f8d56df905d125825f3a11c -> 
  custom:scripting/monoscript/fileName/GetRelativePath.cs: 9b16eb2de9e98b392077181cc34243c1 -> 
  custom:scripting/monoscript/fileName/UnityEvents.cs: bbca41e222c933c10ac2fdcedacdc4c9 -> 
  custom:AudioImporter_EditorPlatform: d09bf68614088b80899f8185d706f6e7 -> 
  custom:scripting/monoscript/fileName/RiderMenu.cs: a430c0ff873704a92fbd3fa96f173c8d -> 
  custom:scripting/monoscript/fileName/PlayerLauncherTestRunSettings.cs: ac04d6a6a9c6380f318071a2f4da8a2f -> 
  custom:scripting/monoscript/fileName/DockEditorWindow.cs: 581124d5e19667105f2446d6dfbf7982 -> 
  custom:scripting/monoscript/fileName/ActionDelegator.cs: f2eb6c2fd33630cfdd6d3183b4a2ca3f -> 
  custom:scripting/precompiled-assembly-types:nunit.framework: de9c6147ae45b4e3446d0e562fb3bbe3 -> 
  custom:scripting/monoscript/fileName/ITestRunnerApiMapper.cs: 337d02b691c8103d2eedc6b52f4f76ab -> 
  custom:scripting/monoscript/fileName/RerunCallbackInitializer.cs: a2ca4a4e4bb070fd30ec377e61ed66cb -> 
  custom:scripting/monoscript/fileName/ICallbacks.cs: a9c5fd289272fce7e09c7f3e5f11b8a0 -> 
  custom:scripting/monoscript/fileName/IEditorLoadedTestAssemblyProvider.cs: cbb3f715010afa8cd4f0f40294bb78ba -> 
  custom:scripting/monoscript/fileName/UnityInstallation.cs: 0ba30d4545f2c34a9323456723b5dbfe -> 
  custom:scripting/monoscript/fileName/BranchesSelection.cs: 7eb1fcb556f0fad697e4ec9d989be099 -> 
  custom:scripting/monoscript/fileName/TestListProvider.cs: f8235933605b6a025c9638df0194bf97 -> 
  custom:scripting/monoscript/fileName/SaveAction.cs: b68fbb4319dbb368959c40781b39fdf8 -> 
  custom:scripting/monoscript/fileName/AutoConfig.cs: 6c4e7f9dc55323aa1299debfe9723aa6 -> 
  custom:scripting/monoscript/fileName/VisualStudioForWindowsInstallation.cs: 468ed6fb57813d3de23aa53f5f59c2eb -> 
  custom:scripting/precompiled-assembly-types:Unity.Plastic.Newtonsoft.Json: c587937513b02a3c784dfd4229f1b707 -> 
  custom:scripting/monoscript/fileName/InvalidSignatureException.cs: f250eccc836ee674127ecdee41f7a4ea -> 
  custom:scripting/monoscript/fileName/CoverageReportGenerator.cs: 14395a927aaa58c17afbfc10d0d33478 -> 
  custom:scripting/monoscript/fileName/UnitySetUpAttribute.cs: 78bcd37bf54751e70200df4ae24f405b -> 
  custom:scripting/monoscript/fileName/DiffPanel.cs: 02288a38bd14cc2b52a25b302a6f154e -> 
  custom:scripting/monoscript/fileName/PlasticAssetsProcessor.cs: ffbead0ce8c78df1634f8fc06dec8ecf -> 
  custom:scripting/monoscript/fileName/PlayModeRunnerCallback.cs: 6cd874bc3032a6eaf4228f5877b27ba0 -> 
  custom:scripting/monoscript/fileName/DrawActionToolbar.cs: 52293cb82089e0370f52e257f41c0869 -> 
  custom:scripting/monoscript/fileName/TreeViewItemIds.cs: 8f6297df34271fdb1ce2d9607ec6261d -> 
  custom:scripting/monoscript/fileName/EditorVersion.cs: 70953c9eccf7726f70c672a9a51619e9 -> 
  custom:scripting/monoscript/fileName/TeamEditionConfigurationWindow.cs: d06f049421c16e5927ec29f770917e09 -> 
  custom:scripting/monoscript/fileName/ProgressOperationHandler.cs: 5fbb4e0f656dcfaa4498bd2e492e4710 -> 
  custom:scripting/monoscript/fileName/UnityPlasticTimer.cs: 961fdb6492c99b4a3eadbed28e78c4b0 -> 
  custom:scripting/monoscript/fileName/TreeHeaderColumns.cs: 9fc4a0396a421346b8aa3b7788860851 -> 
  custom:scripting/precompiled-assembly-types:Unity.Plastic.Antlr3.Runtime: 6770513df7cfb4050a1e6f0a02312f5b -> 
  custom:scripting/monoscript/fileName/SolutionParser.cs: 240a75b5fc2682997268aa77e6a1dd86 -> 
  custom:scripting/monoscript/fileName/AssetFilesFilterPatternsMenuBuilder.cs: 8fe5de6e5dc3d42fb7e95de2aaedbf5a -> 
  custom:scripting/monoscript/fileName/ICallbacksDelegator.cs: 2bfa822de05a601b9fbe2f79d4d317c0 -> 
  custom:scripting/monoscript/fileName/CoverageSettings.cs: 40dc4e8628670887240560c470ac6808 -> 
  custom:scripting/monoscript/fileName/TestAdaptor.cs: 486cec8559bad7c56adc699f165feb67 -> 
  custom:scripting/monoscript/fileName/PlasticNotification.cs: 71978c581e1127248a19c9d9e66cd355 -> 
  custom:scripting/monoscript/fileName/TestStartedMessage.cs: 2e20a681c83fd9e8634c9b938205f951 -> 
  custom:scripting/monoscript/fileName/CallbacksDelegator.cs: e0dcdade48f633c0a7cebc925bd686c4 -> 
  custom:scripting/monoscript/fileName/ConfirmContinueWithPendingChangesDialog.cs: c0e147ff008a0b77c9337132a3ea70af -> 
  custom:scripting/monoscript/fileName/Events.cs: 5e6fd182c984e3c981a7ddda9fb543ef -> 
  custom:scripting/monoscript/fileName/ChangelistTreeViewItem.cs: a4a6f6169cdb3afe249e104e2b7b1a2c -> 
  custom:scripting/monoscript/fileName/PlayerLauncherBuildOptions.cs: 39352f62028667e3cc8d13371f828f55 -> 
  custom:scripting/monoscript/fileName/CollabPlugin.cs: bda741ff77a19affbf276298e29313ec -> 
  custom:scripting/monoscript/fileName/TabButton.cs: 3efe8f66ffd840fd7aeb0585b183d2fa -> 
  custom:scripting/monoscript/fileName/RegisterFilesForCleanupVerificationTask.cs: f18fd2d946c9ea52b8232f47d6d70221 -> 
  custom:scripting/monoscript/fileName/LaunchTool.cs: 3ac53c8af1f56365aad9e1ae5366d98d -> 
  custom:scripting/monoscript/fileName/RunModal.cs: 33b931100ee477e6812324eabaa2e837 -> 
  custom:scripting/monoscript/fileName/TestRunnerStateSerializer.cs: 7206f4f1eb4c5991ea76b5c39830dba4 -> 
  custom:scripting/monoscript/fileName/CoverageEventData.cs: 1c01e59e71e39db220b0c7d7b9a5f545 -> 
  custom:scripting/monoscript/fileName/ICoverageReporter.cs: c4e876303a6006575092987f9fcd85eb -> 
  custom:scripting/precompiled-assembly-types:UnityEngine.TestRunner: f5758234275f5346968d00e3b1a1c0e4 -> 
  custom:scripting/monoscript/fileName/BranchListViewItem.cs: 8fdaa5aa842f5a70237affa304b9d506 -> 
  custom:scripting/monoscript/fileName/LogEvent.cs: 9bf386b9808c16608387e196f7a5e9d6 -> 
  custom:scripting/monoscript/fileName/Discovery.cs: 2b1006b9be47307c73378eaafc98b6fb -> 
  custom:scripting/monoscript/fileName/GetAvatar.cs: 07c98163f75f0b7c672bd453fc82bf61 -> 
  custom:scripting/monoscript/fileName/PlaymodeTestsController.cs: 59c9d4597d46ecf4c6fbc8f49c64d0b9 -> 
  custom:scripting/monoscript/fileName/FindTool.cs: fc3b0710b24078288fe829d0bb041dd0 -> 
  custom:scripting/monoscript/fileName/ChannelCertificateUiImpl.cs: 75d7831ab5da75cc0082e28863abb142 -> 
  custom:scripting/monoscript/fileName/ApplyCircleMask.cs: 02eb67e485278e7c9b719fee5ff90f4a -> 
  custom:scripting/monoscript/fileName/TestListTreeViewGUI.cs: bf873c97e960a33b0be65a5b638e7ff5 -> 
  custom:scripting/monoscript/fileName/TestRunnerCallback.cs: 61231fce5590e38bfc5e9165e9803d8b -> 
  custom:scripting/monoscript/fileName/TestJobRunner.cs: 1c3d9f2bfcdac33a01c4bb25c392ab4f -> 
  custom:scripting/monoscript/fileName/PathReplacing.cs: 4fe3bf0f79aa0c9b0ebe54693a0d014c -> 
  custom:scripting/monoscript/fileName/AssetMenuOperations.cs: 5683cc8854ab08248c3c5961670bd5df -> 
  custom:scripting/monoscript/fileName/VisualElementExtensions.cs: cd98f4a51563fccdfc39eed097290325 -> 
  custom:scripting/monoscript/fileName/FailCommand.cs: e0622be95cb9f4c04ff53066589d6d7e -> 
  custom:scripting/monoscript/fileName/VisualStudioIntegration.cs: f9e623c49f9f20ea97a4519aa48d72d4 -> 
  custom:scripting/monoscript/fileName/LocksSelector.cs: 70b046a562568fd78d093736e68a3a58 -> 
  custom:scripting/monoscript/fileName/ListViewItemIds.cs: 8f6297df34271fdb1ce2d9607ec6261d -> 
  custom:scripting/monoscript/fileName/CreateWorkspaceViewState.cs: 1deb37b3c17c224d9a7dca9c990ea191 -> 
  custom:scripting/monoscript/fileName/MergeLinkListViewItem.cs: ebc1e6f9e3a3005d8f4c51a794adfdaa -> 
  custom:scripting/monoscript/fileName/OpenCoverReporter.cs: cbddfa05f18b19af359ffcb5eedeabd3 -> 
  custom:scripting/monoscript/fileName/DrawCommentTextArea.cs: ad5449f632fd412ac0f7ba0d171fd453 -> 
  custom:scripting/monoscript/fileName/TestRunnerApi.cs: c95fe169deea2b7a18c185e8b5613c7e -> 
  custom:scripting/monoscript/fileName/ErrorsListHeaderState.cs: cb38081a34dcc37c968a3fae60743b76 -> 
  custom:scripting/monoscript/fileName/RefreshAsset.cs: f56d23c5126a2dd3db6f272d3d3b71dd -> 
  custom:scripting/monoscript/fileName/IUtpMessageReporter.cs: e8e6a62b6032a5642706a62156dd8314 -> 
  custom:scripting/monoscript/fileName/BoolSetting.cs: 9c3f40d0ec58f1b80f82d15e4bda7107 -> 
  custom:scripting/monoscript/fileName/IErrorCallbacks.cs: fd7a49712e8a919d38dd0fddef8872df -> 
  custom:scripting/monoscript/fileName/IScriptingRuntimeProxy.cs: c75af2a6ef439df9f19f151aeb5749ea -> 
  custom:scripting/monoscript/fileName/ExitCallbacks.cs: 716173503afdef0ae4c4023adba1972e -> 
  custom:scripting/monoscript/fileName/IncludedAssembliesTreeView.cs: bdd53eb66963542e97bbe87bb7aa0def -> 
  custom:scripting/monoscript/fileName/FileIOProvider.cs: 304525d180d2b661ce338fc8a3225752 -> 
  custom:scripting/monoscript/fileName/CreateChangelistDialog.cs: 774371d4233cc1d394d98dc80507a1f8 -> 
  custom:scripting/monoscript/fileName/ImmediateEnumerableCommand.cs: 89dd27d23dccf969b99d79611e8fed9a -> 
  custom:scripting/monoscript/fileName/SdkStyleProjectGeneration.cs: bbd8a39d16aad1a0b8d5240b1f43f4a4 -> 
  custom:scripting/monoscript/fileName/ApplePlatformSetup.cs: 0ceeffeb4378c50fe08ff9b5d16a73f3 -> 
  custom:scripting/monoscript/fileName/HistoryListViewMenu.cs: 15a489e494f04a7ea37a587c7601070e -> 
  custom:scripting/monoscript/fileName/FilterRulesConfirmationDialog.cs: 5186d89f21d03764f0cca01c2a0122d7 -> 
  custom:scripting/monoscript/fileName/LogAssert.cs: 195ab501c85f741ece9ac8b49385dcce -> 
  custom:scripting/monoscript/fileName/FileSystemUtil.cs: 3a1d37ca0015bdfbd542c903cf738043 -> 
  custom:scripting/monoscript/fileName/ChangesetsSelection.cs: d154d1782ed752b83834c54a0bde3df9 -> 
  custom:scripting/monoscript/fileName/ITestListProvider.cs: 0169c532d74787e64cd4163cd55d4572 -> 
  custom:scripting/monoscript/fileName/AssetPostprocessor.cs: 28be74a844bbed0286c3c45dee7283e7 -> 
  custom:scripting/monoscript/fileName/EditorCoroutineUtility.cs: 8120324be4f28417c9962bc3a65d04a0 -> 
  custom:scripting/monoscript/fileName/AllocatingGCMemoryConstraint.cs: 8b2ed7fbfb529ba318fb8425f7a81278 -> 
  custom:scripting/monoscript/fileName/LegacyPlayModeRunTask.cs: 8a159c990fea520d0af36b86d243e79e -> 
  custom:scripting/monoscript/fileName/IsResolved.cs: 0034e721db666e5b8cc915c1387404bc -> 
  custom:scripting/monoscript/fileName/TestCommandBuilder.cs: bf61faf29c0aea0c4e5d4ac76abaee13 -> 
  custom:scripting/monoscript/fileName/LocalStatusCache.cs: a558fcf5f34357bab4cfc7b75e2bb356 -> 
  custom:scripting/monoscript/fileName/ITestResultAdaptor.cs: bb9e1bbb2ff45e5a5f11e877a24721d7 -> 
  custom:scripting/monoscript/fileName/Vector2ComparerWithEqualsOperator.cs: 1851f392f974d4a42efb0de68a402e9b -> 
  custom:scripting/monoscript/fileName/RepositoryExplorerDialog.cs: 143e7416b576681e1f2ea71288e530e6 -> 
  custom:scripting/monoscript/fileName/TestFinishedMessage.cs: ccd3538dc4059cd71acd9bfea48dbc80 -> 
  custom:scripting/monoscript/fileName/BeforeAfterTestCommandBase.cs: 90647cc400823b41df847a6cbfc29026 -> 
  custom:scripting/monoscript/fileName/Vector2EqualityComparer.cs: 4ac8b0db10bbdb7ea68d4be944c5b941 -> 
  custom:scripting/monoscript/fileName/ITestTreeRebuildCallbacks.cs: f952713f83d574a58f719696be7e52a3 -> 
  custom:scripting/monoscript/fileName/HelpLinkData.cs: 73f7674781cc91051b1bb683af1ec053 -> 
  custom:scripting/monoscript/fileName/FileCleanupVerifierTaskBase.cs: 8c0e90b329ac988e22429767c222f3c6 -> 
  custom:scripting/monoscript/fileName/UwpPlatformSetup.cs: b9f50f93de5f547a7eaf96f1bc58a80f -> 
  custom:scripting/monoscript/fileName/WorkspaceWindow.cs: ff52e13cd29dacd66db0169e14f71a23 -> 
  custom:scripting/monoscript/fileName/StartUpMethodExecutor.cs: 45cc23141d36926881d69e4d2f8950c7 -> 
  custom:scripting/monoscript/fileName/PlasticShutdown.cs: 927cfd31d19eaaaa16d67e3e3b26fdb2 -> 
  custom:scripting/monoscript/fileName/FilesFilterPatternsMenuBuilder.cs: 28072cd275c96994687e6d4d0d6e1dff -> 
  custom:scripting/monoscript/fileName/TestRunnerWindow.cs: 156fc89bab7bdd82ca70e07c9aa9ebbd -> 
  custom:scripting/monoscript/fileName/JsonUtils.cs: af25cbf7ea0f5cf5b45f3117dff1ff25 -> 
  custom:scripting/monoscript/fileName/HistoryListViewItem.cs: 2d3b1fc954b6bdbae298ec250ade0663 -> 
  custom:scripting/monoscript/fileName/RemoteStatusCache.cs: 00463e6b90cfe7da080d7c266f783980 -> 
  custom:scripting/monoscript/fileName/EditorWindowFocus.cs: 1012e4e2e29e9b29bdcc03d8b92762a8 -> 
  custom:scripting/monoscript/fileName/EnumExtensions.cs: 24df84756ec75feecd53a80a0991ea16 -> 
  custom:scripting/monoscript/fileName/ColorEqualityComparer.cs: 9ae684bc4a6b608abc9f7f131bd7cb1d -> 
  custom:scripting/monoscript/fileName/NewIncomingChanges.cs: 4475d5d6d9583dbe65c4824e6a1fe6aa -> 
  custom:scripting/monoscript/fileName/IAsyncTestAssemblyBuilder.cs: d4bd9849c11964145b1082a4b1d477fa -> 
  custom:video-encoder-webm-vp8: eb34c28f22e8b96e1ab97ce403110664 -> 
  custom:scripting/monoscript/fileName/UnityIncomingChangesTree.cs: 14fd2f959d89d08b6b5883abcc4129e0 -> 
  custom:scripting/monoscript/fileName/RunData.cs: 772bee3d6504258eed6027a2ae076850 -> 
  custom:scripting/monoscript/fileName/ResultsSavingCallbacks.cs: 96b4b28711ac58ce3dc199f3f7371922 -> 
  custom:scripting/monoscript/fileName/RerunCallbackData.cs: 4e0f854372c4476a9269ddc9aa7c8edb -> 
  custom:scripting/monoscript/fileName/UnityDiffTree.cs: 447fc3a8922f56330f4bae8c9dc9a8be -> 
  custom:scripting/monoscript/fileName/TreeHeaderSettings.cs: 114eb9e27124403e8e111494b8eaf987 -> 
  custom:scripting/monoscript/fileName/PostbuildCleanupAttributeFinder.cs: a060814a414a9bab17671800d815861d -> 
  custom:scripting/monoscript/fileName/FolderDropDownMenu.cs: f5952a04d423ad3bde94c787f00656f9 -> 
  custom:scripting/monoscript/fileName/UnityConstants.cs: 5ce06a0e2d108fc8a16a0af098aa895b -> 
  custom:scripting/monoscript/fileName/IsExeAvailable.cs: 3e4283303610c884e542b8f6d3e922d4 -> 
  custom:scripting/monoscript/fileName/IRemoteTestResultDataFactory.cs: 75d430448dca0118dc834f9aa964be1e -> 
  custom:scripting/monoscript/fileName/TestRunnerUIFilter.cs: 15cddad256d0a7abe9cb58af110bbb72 -> 
  custom:scripting/monoscript/fileName/AutoLogin.cs: d257b2b319167ee8af9b75266dabb58c -> 
  custom:audio-decoder-ogg-vorbis: bf7c407c2cedff20999df2af8eb42d56 -> 
  custom:scripting/monoscript/fileName/UpdateReportLineListViewItem.cs: a101f0ba5292fc139445870b3f4af838 -> 
  custom:scripting/monoscript/fileName/DrawSplitter.cs: ec7e8739eacabcca3e2946d9833eea0f -> 
  custom:scripting/monoscript/fileName/IAssemblyLoadProxy.cs: 10a2bd4f9f1d29ac107ff7e510533c16 -> 
  custom:scripting/monoscript/fileName/LaunchDependenciesDialog.cs: e1c527862a66e73f0417ae177d7fdfb5 -> 
  custom:scripting/monoscript/fileName/SolutionProperties.cs: ab8751e49ae2f3d9994444a0a38619bd -> 
  custom:scripting/monoscript/fileName/PackageManagerTracker.cs: 651bbc6653e509037fd83f80aa48fad7 -> 
  custom:scripting/monoscript/fileName/EditModeLauncher.cs: 9a2b5bcdc6140673378e5f8105411606 -> 
  custom:scripting/monoscript/fileName/CredentialsResponse.cs: 96b135ae1c4ea541dc762170ea524fa9 -> 
  custom:scripting/monoscript/fileName/CoverageRunData.cs: 79207fab57e5c5115d71b763f547b9ec -> 
  custom:scripting/monoscript/fileName/GuiHelper.cs: 7bbb51d455f8994ae6185c7dee04068a -> 
  custom:scripting/monoscript/fileName/LaunchDiffOperations.cs: 831bbe9f0510da02e07943dba200580f -> 
  custom:scripting/monoscript/fileName/PlasticSplitterGUILayout.cs: 4cfaefa1a850aceff54713912c4a2bda -> 
  custom:scripting/monoscript/fileName/RiderScriptEditorDataPersisted.cs: 93e7c36b8be60b7055550adb6ace534f -> 
  custom:scripting/monoscript/fileName/TestFilterSettings.cs: 5275be823d4854688aedadf9bf48dfa8 -> 
  custom:scripting/monoscript/fileName/PlaymodeTestsControllerSettings.cs: 90cec9ec9d50d9e797d7b80fa88b49ed -> 
  custom:scripting/monoscript/fileName/TestRunnerApiListener.cs: cc17cec8825a8f933d6ecbd68d51f1de -> 
  custom:scripting/monoscript/fileName/CoverageUtils.cs: 9d6c49205162c341b97539b5cd1605e2 -> 
  custom:scripting/monoscript/fileName/CodeCoverage.cs: 84e52c9dff44824ed0e5d30172606547 -> 
  custom:scripting/monoscript/fileName/CoverageReporterListener.cs: e107f255e71bef6815a18bf014907580 -> 
  custom:scripting/monoscript/fileName/CheckinDialogOperations.cs: 0b2a2cd4c41cf1865a29cf91b2a96a48 -> 
  custom:scripting/monoscript/fileName/StacktraceFilter.cs: 2f4728b5b8f653bd2197ec8c4b722e7d -> 
  custom:scripting/monoscript/fileName/PendingChangesViewMenu.cs: 68fab310addfd7068cfd7920070496ff -> 
  custom:scripting/monoscript/fileName/SettingsBuilder.cs: 9aeeee75a181ed82e0343a1fb6b9cead -> 
  custom:scripting/monoscript/fileName/AssetsSelection.cs: 35cec24e81f0cb1de51daeb356abc4ff -> 
  custom:scripting/monoscript/fileName/SetupException.cs: 38724dd55c58f65b09d9fda4b6161021 -> 
  custom:scripting/monoscript/fileName/EnumPopupSetting.cs: 8f6297df34271fdb1ce2d9607ec6261d -> 
  custom:scripting/monoscript/fileName/AssemblyNameProvider.cs: 170b0fd934f78f2e6a09342014bfa1fc -> 8cb7f551db1590cfa43445ff7dd8fd6b
  custom:scripting/monoscript/fileName/PlasticConnectionMonitor.cs: 0a14faa9ef1a178a87cdca925b1963c3 -> 
  custom:scripting/monoscript/fileName/EditorPluginInterop.cs: 087796556f1ed2025e28209e52d82ccc -> 
  custom:scripting/monoscript/fileName/HistoryListHeaderState.cs: 6226ef13a567fa81584864f8698be331 -> 
  custom:scripting/monoscript/fileName/CoverageResultWriterBase.cs: 90647cc400823b41df847a6cbfc29026 -> 
  custom:scripting/monoscript/fileName/CloudEditionWelcomeWindow.cs: c886fdb39f4b8787e6ea3701a8f88f4a -> 
  custom:scripting/monoscript/fileName/AssetsPath.cs: 367269acf8f676d2cdd30fdc387b3920 -> 
  custom:scripting/monoscript/fileName/ITestAdaptorFactory.cs: 0cef1125679c38dd172e82c8aed26eb9 -> 
  custom:scripting/monoscript/fileName/LogSavingCallbacks.cs: 8eb93b3e2c76ea1a8acb6e2d0b5c5f91 -> 
  custom:scripting/monoscript/fileName/MetaPath.cs: 1f80313a7ce6ec6ece505285578f5745 -> 
  custom:scripting/monoscript/fileName/TestListJob.cs: 3a58b9c1d09f7f4ecb41254c8497b5c7 -> 
  custom:scripting/monoscript/fileName/AssemblyWrapper.cs: 888ba979193ec837feef9add74101219 -> 
  custom:scripting/monoscript/fileName/Serializer.cs: d7df1b97d0a3bd0bb98fd4d2d5bf5d29 -> 
  custom:scripting/monoscript/fileName/CredentialsUIImpl.cs: 90e9c2de8d7bdd8424e0d89c415108ae -> 
  custom:scripting/monoscript/fileName/Executer.cs: 3f667ef14fa1c500658713b8aa31fd85 -> 
  custom:scripting/monoscript/fileName/PathFiltering.cs: 9018889573841bb1adac3fc5db0a0562 -> 
  custom:scripting/monoscript/fileName/PlayerTestAssemblyProvider.cs: cbdd04f669e4e0054bad4f9d3133a10c -> 
  custom:scripting/monoscript/fileName/FullNameFilter.cs: 7c49c279cb0d631ca64d8b7d70065d9c -> 
  custom:scripting/monoscript/fileName/AssetPipelineIgnore.cs: 09786e27e9aef22fa608d3ec356f88ff -> 
  custom:scripting/monoscript/fileName/ChangesetsViewMenu.cs: b720f0168f4ce1b1e0d358a6d5ec9a42 -> 
  custom:scripting/monoscript/fileName/UnityPlasticGuiMessage.cs: 2a7f71f59c0d7dc731fd345a3713957c -> 
  custom:scripting/monoscript/fileName/OrganizationCredentials.cs: ee462057b3bd23cc3dab953ac4d656e2 -> 
  custom:scripting/monoscript/fileName/PrebuildSceneSetupAttribute.cs: 7863da9f66129a3cef8eac0a1f19b990 -> 
  custom:scripting/monoscript/fileName/ICoverageReporterFilter.cs: 2ffb57e7cc81b96ef0b60431ee6bec5d -> 
  custom:scripting/monoscript/fileName/EditorCoroutine.cs: ecfde58f5f2276c57435e977dfe7f74c -> 
  custom:scripting/monoscript/fileName/StatusBar.cs: 4d7c95bdcb7dc38d15f73e75e08a1cfd -> 
  custom:scripting/monoscript/fileName/IsCurrent.cs: f17603b9beb638f4d996c87b460abecd -> 
  custom:scripting/monoscript/fileName/Message.cs: 671a789acb2c7a93d0b620fe02979957 -> 
  custom:scripting/monoscript/fileName/TestTreeViewBuilder.cs: 6ec2bdd7d75f4f5e0b3318e1489ac19d -> 
  custom:scripting/monoscript/fileName/EditmodeWorkItemFactory.cs: e9c8ba8d2a4b7d9a886e64626b2e6205 -> 
  custom:scripting/monoscript/fileName/TestListenerWrapper.cs: 9bd83ba3a6a675f3c605795064caa62b -> 
  custom:scripting/monoscript/fileName/CoveragePreferences.cs: 03f4d75fa0b27ede027548964efea89d -> 
  custom:scripting/monoscript/fileName/ChangesetFromCollabCommitResponse.cs: b986ab8b1acd322b0367812e2d541734 -> 
  custom:scripting/monoscript/fileName/MoveToChangelistMenuBuilder.cs: 3a2ef8cb0baf69e5dadeafc731fe32a9 -> 
  custom:scripting/monoscript/fileName/LoadingSpinner.cs: 69a46a0158b3944983921513a6337a68 -> 
  custom:scripting/monoscript/fileName/RiderScriptEditorData.cs: fb9aed0c9d95878995d450a00d549f78 -> 
  custom:scripting/monoscript/fileName/LocksTab.cs: 134c512484ae73354c15c06a6dc69f9f -> 
  custom:scripting/monoscript/fileName/BranchesTab.cs: 764cb17e9337c58ad4f5304b60b2042e -> 
  custom:scripting/monoscript/fileName/HelpLink.cs: 9e71b7d8c1e9f8158a850cf12062a691 -> 
  custom:scripting/monoscript/fileName/CoverageReporterManager.cs: 4176e2c6fd8fb9cd0e044e34eb6dead7 -> 
  custom:scripting/monoscript/fileName/ExecutionSettings.cs: bbd5f229f5dcda0d2d7d6fe8eb266a59 -> 
  custom:scripting/monoscript/fileName/ToolConfig.cs: 18b1ea271ce5e7b6deea7b4e8e175269 -> 
  custom:scripting/monoscript/fileName/DropDownTextField.cs: e66e7314096900597993d2b353757d8d -> 
  custom:scripting/monoscript/fileName/Deserializer.cs: 1cc72e9ed2428cc6d6ce2d4d2ad7b02b -> 
  custom:scripting/monoscript/fileName/CallbacksHolder.cs: 8b4255bb9b31589c4c3dd9303007381d -> 
  custom:scripting/monoscript/fileName/AssetsProcessor.cs: 47679a6e15b70f4fef48eb1b2df31b19 -> 
  custom:scripting/monoscript/fileName/DrawActionButton.cs: d847a7d82ac92cab2b3d0ae268cefb3d -> 
  custom:scripting/monoscript/fileName/TableViewOperations.cs: ddc7b903e0dbd6bd109f2bd709b95f0e -> 
  custom:scripting/monoscript/fileName/CategoryFilterExtended.cs: fc9bf6f795e045112c18a4c1343c1ae1 -> 
  custom:scripting/monoscript/fileName/UpdateProgress.cs: 5b04f01bf199310f09ab9522f89c78f4 -> 
  custom:scripting/monoscript/fileName/SessionEventInfo.cs: fa36c8ba73e32f530078a1d6c7694e92 -> 
  custom:scripting/monoscript/fileName/RequirePlatformSupportAttribute.cs: 6918694e41aa1ffd5ee72bd04646d4bb -> 
  custom:scripting/monoscript/fileName/RiderTestRunner.cs: b9ea3ff0565ae2955ea8f15dd6e578d4 -> 
  custom:scripting/monoscript/fileName/OrganizationsInformation.cs: b3f0758c6655b2dad1161792812992fa -> 
  custom:scripting/monoscript/fileName/SubscriptionDetailsResponse.cs: e10e0299ef716630c63b8cf5f792cda0 -> 
  custom:scripting/precompiled-assembly-types:Unity.VisualStudio.Editor: 8196c7ff3a716df6975b114b464f1975 -> 
  custom:scripting/monoscript/fileName/DrawProgressForDialogs.cs: 5f8d39e3ea7c4a42148c6b1a7b4ca061 -> 
  custom:scripting/monoscript/fileName/ToolbarButton.cs: 0b8663f5acfbbe9acf3c68758e2857fb -> 
  custom:scripting/monoscript/fileName/TestPlatform.cs: 63c69f9b78d9a1c2cdf167569fd572b6 -> 
  custom:scripting/monoscript/fileName/CoverageAnalyticsEvent.cs: 0ce4b6e0ea98d970aa7677353ba763d9 -> 
  custom:scripting/monoscript/fileName/ProjectViewAssetSelection.cs: 349dc288d32791de51156d4e59000b7b -> 
  custom:scripting/monoscript/fileName/DrawTreeViewItem.cs: cceebc4f1185658619e40964f29acb08 -> 
  custom:scripting/monoscript/fileName/RemoteTestResultData.cs: 68a2b51f8872b9ef697b2155d9835735 -> 
  custom:scripting/monoscript/fileName/DrawSceneOperations.cs: 2426c0c2ee58cd28be59874f6425940c -> 
  custom:scripting/monoscript/fileName/IMonoBehaviourTest.cs: 93dca3fac2d68012529173d3e7bc10a2 -> 
  custom:scripting/monoscript/fileName/CoroutineTestWorkItem.cs: 8a69ee5c1adc29acc0a66cb7df14cbcf -> 
  custom:audio-encoder-webm-vorbis: bf7c407c2cedff20999df2af8eb42d56 -> 
  custom:scripting/monoscript/fileName/DrawActionHelpBox.cs: dcd6ec2e7fb1b44f22c4a79ff87b70cd -> 
  custom:scripting/monoscript/fileName/TestRunnerCallbacks.cs: 5627cb9f4ed769fba607b0cab8e9e63d -> 
  custom:scripting/monoscript/fileName/PendingChangesMultiColumnHeader.cs: 21802cc6929e0e180fb4f0be8e34d9d0 -> 
  custom:scripting/monoscript/fileName/EditorDispatcher.cs: c739e073a8c38dbcf59192f45d1004c5 -> 
  custom:scripting/monoscript/fileName/UnityWorkItemDataHolder.cs: 94e44d74f673f889418b2b9926b6615c -> 
  custom:scripting/monoscript/fileName/AsyncOperation.cs: 90647cc400823b41df847a6cbfc29026 -> 
  custom:scripting/monoscript/fileName/ICallbacksHolder.cs: 790e89a97c8150c3044e584386d3ba9a -> 
  custom:scripting/monoscript/fileName/PlayerLauncher.cs: c1129f48ad00377c128c470482bb7e8e -> 
  custom:scripting/monoscript/fileName/UnityCombinatorialStrategy.cs: e857e6faada8b59173cb249a8a6be6fa -> 
  custom:scripting/monoscript/fileName/IIncomingChangesTab.cs: 559fa5abb97c61b93b8fab20ab21661e -> 
  custom:scripting/monoscript/fileName/CoroutineRunner.cs: 06bef19f6905915189ed09a2db9f2885 -> 7ad79292edd6f57a1c7ea9a6638b1631
  custom:scripting/monoscript/fileName/ConstructDelegator.cs: c271ca33e5434ac87e82546dd149c303 -> 
  custom:scripting/monoscript/fileName/UnityLogCheckDelegatingCommand.cs: 410acedf83a5c4e9d5a212b5635d0c88 -> 
  custom:scripting/monoscript/fileName/PluginSettings.cs: 4ee82f9c59f87f1dece05e6b9763c365 -> 
  custom:scripting/monoscript/fileName/GetChangesOverlayIcon.cs: f00e4b795697c6cf3092760f3b6fc49d -> 
  custom:scripting/monoscript/fileName/ILogScope.cs: e99dd640a2ac2c8b1c0c97725f23440d -> 
  custom:scripting/monoscript/fileName/ChangesetsListView.cs: caae0aefb36c869f50691482a5cd0944 -> 
  custom:scripting/monoscript/fileName/UnityWorkItem.cs: ce02ef2c77c866afeb6c04a89a364a8a -> 
  custom:scripting/monoscript/fileName/UpdateReportListView.cs: 2d8fccdaad50bbd7454b52cf9cb4a0f9 -> 
  custom:scripting/monoscript/fileName/IAssetsDatabaseHelper.cs: 4f8027cddf715e38f75ab454f20fe051 -> 
  custom:scripting/monoscript/fileName/UnityConfigurationChecker.cs: 59a8f0715a7c89a752351bf42f94abbd -> 
  custom:scripting/monoscript/fileName/ConstraintsExtensions.cs: 89e01f1f8de15d891db3bad70117d924 -> 
  custom:scripting/precompiled-assembly-types:UnityEditor.TestRunner: 1b08a5e3d69264f3b8177a3e839577fe -> 
  custom:scripting/monoscript/fileName/EditModeRunner.cs: f1ceb581ae48e42ca32e80f796ce45bc -> 
  custom:scripting/monoscript/fileName/TestRunnerResult.cs: 613fb3e1dfef14aa9d5aea2cd635ffff -> 
  custom:scripting/monoscript/fileName/UnityTestTimeoutException.cs: b7ec28ea102309dc20886c45fff1e1b5 -> 
  custom:scripting/monoscript/fileName/UtpMessageReporter.cs: 1ce82c57220e51532d6b3e5da0cecc24 -> 
  custom:scripting/monoscript/fileName/EnumeratorStepHelper.cs: 05022a723dcf173476ccb43403871168 -> 
  custom:scripting/monoscript/fileName/LibcNativeInterop.cs: 77c1db6bef2e1063dc874463b520ed18 -> 
  custom:scripting/monoscript/fileName/PlaymodeWorkItemFactory.cs: 8bb2d7c0ad22b08cf17b1748007ae8c3 -> 
  custom:scripting/monoscript/fileName/CheckWorkspaceTreeNodeStatus.cs: 5e11ff64963669981115eb58dc2b6e8b -> 
  custom:scripting/monoscript/fileName/RemoteTestData.cs: 51ba1ddd57fb71948e60067806b9cfcd -> 
  custom:scripting/monoscript/fileName/StadiaPlatformSetup.cs: 27e00e91e04b4888c1d6354fa4baa6a5 -> 
  custom:scripting/monoscript/fileName/CallbackData.cs: b15b13425eedd78fb5c4fc4930a9e8b4 -> 
  custom:scripting/precompiled-assembly-types:unityplastic: fafbcc8900ebc3adedea4fa84f653ed3 -> 
  custom:scripting/monoscript/fileName/PlasticPlugin.cs: a57c142b98ca3d4daad221737fd72924 -> 
  custom:scripting/monoscript/fileName/SwitchModeConfirmationDialog.cs: 4d9c02587760213784bfe53d012122b4 -> 
  custom:scripting/precompiled-assembly-types:Unity.Rider.Editor: 5769424f89eeee7d96f0de4802f34024 -> 
  custom:scripting/monoscript/fileName/CoverageStats.cs: 9324ed89932d09a61cd32e93a786eb6e -> 
  custom:scripting/monoscript/fileName/PlasticWindow.cs: 76740c086f0109337962354fe520adb2 -> 
  custom:scripting/monoscript/fileName/LogScope.cs: a032a8edefa3a04276b9f24e5047f2ac -> 
  custom:scripting/monoscript/fileName/TestPlanMessage.cs: 6199b0505360321c39d00a607adaaf8d -> 
  custom:scripting/monoscript/fileName/PathToAddHandler.cs: 99a230c7af7e8777b16ff45e29b7173b -> 
  custom:scripting/monoscript/fileName/UsageUtility.cs: 5ed3d13206b2b96245ce59a5c83beed1 -> 
  custom:scripting/monoscript/fileName/ITestRunSettings.cs: a5342276210c7f86635118880184dc77 -> 
  custom:scripting/monoscript/fileName/BranchesViewMenu.cs: 8089f11c30784e2e57775dd6cdbae898 -> 
  custom:scripting/monoscript/fileName/CooldownWindowDelayer.cs: 7816cfcad485500dbac9993c4502ea69 -> 
  custom:scripting/monoscript/fileName/SetUpTearDownCommand.cs: 684e5d1c75373405f8a6c9575324286f -> 
  custom:scripting/monoscript/fileName/EditorEnumeratorTestWorkItem.cs: b8f886476b7c18f3c1cdeae30ec0c8ea -> 
  custom:scripting/monoscript/fileName/GetInstallerTmpFileName.cs: fa7bda723ac795b48e38504727f44981 -> 
  custom:scripting/monoscript/fileName/AssetModificationProcessor.cs: 84d720d70e5c24b7d0630ef5cea215ce -> 
  custom:scripting/monoscript/fileName/IsCollabProjectMigratedResponse.cs: 4c3294c6a51e6f42161d191230692016 -> 
  custom:scripting/monoscript/fileName/VisualStudioCodeInstallation.cs: 6b6ec59c4ff0bddfc5db8b3c453d5172 -> 
========================================================================
Received Import Request.
  Time since last request: 82675.406098 seconds.
  path: Assets/New Scene.unity
  artifactKey: Guid(59889b994eecd0c4cbbf3511fcf3bf60) Importer(815301076,1909f56bfc062723c751e8b465ee728b)
Start importing Assets/New Scene.unity using Guid(59889b994eecd0c4cbbf3511fcf3bf60) Importer(815301076,1909f56bfc062723c751e8b465ee728b) [PhysX] Initialized MultithreadedTaskDispatcher with 12 workers.
 -> (artifact id: '80c5bc49183f9ef92d4799a82b73f3cf') in 0.005279 seconds
Number of updated asset objects reloaded before import = 0
Number of asset objects unloaded after import = 0
